#
# There is insufficient memory for the Java Runtime Environment to continue.
# Native memory allocation (malloc) failed to allocate 869808 bytes for Chunk::new
# Possible reasons:
#   The system is out of physical RAM or swap space
#   The process is running with CompressedOops enabled, and the Java Heap may be blocking the growth of the native heap
# Possible solutions:
#   Reduce memory load on the system
#   Increase physical memory or swap space
#   Check if swap backing store is full
#   Decrease Java heap size (-Xmx/-Xms)
#   Decrease number of Java threads
#   Decrease Java thread stack sizes (-Xss)
#   Set larger code cache with -XX:ReservedCodeCacheSize=
#   JVM is running with Unscaled Compressed Oops mode in which the Java heap is
#     placed in the first 4GB address space. The Java Heap base address is the
#     maximum limit for the native heap growth. Please use -XX:HeapBaseMinAddress
#     to set the Java Heap base and to place the Java Heap above 4GB virtual address.
# This output file may be truncated or incomplete.
#
#  Out of Memory Error (arena.cpp:184), pid=12528, tid=10548
#
# JRE version: OpenJDK Runtime Environment (19.0.1+10) (build 19.0.1+10-21)
# Java VM: OpenJDK 64-Bit Server VM (19.0.1+10-21, mixed mode, sharing, tiered, compressed oops, compressed class ptrs, g1 gc, windows-amd64)
# No core dump will be written. Minidumps are not enabled by default on client versions of Windows
#

---------------  S U M M A R Y ------------

Command Line: -javaagent:C:\Users\pavlovvy\AppData\Local\JetBrains\IntelliJ IDEA Community Edition 2022.2.3\lib\idea_rt.jar=65467:C:\Users\pavlovvy\AppData\Local\JetBrains\IntelliJ IDEA Community Edition 2022.2.3\bin -Dfile.encoding=UTF-8 -Dsun.stdout.encoding=UTF-8 -Dsun.stderr.encoding=UTF-8 org.example.Main

Host: 11th Gen Intel(R) Core(TM) i5-1145G7 @ 2.60GHz, 8 cores, 7G,  Windows 10 , 64 bit Build 19041 (10.0.19041.2251)
Time: Fri Nov 25 17:47:45 2022 RTZ 2 (s 10 , 64 bit Build 19041 (10.0.19041.2251) elapsed time: 1.298455 seconds (0d 0h 0m 1s)

---------------  T H R E A D  ---------------

Current thread (0x000001d47fc3cca0):  JavaThread "C2 CompilerThread0" daemon [_thread_in_native, id=10548, stack(0x000000c190700000,0x000000c190800000)]


Current CompileTask:
C2:   1298 1667       4       org.jsoup.nodes.Entities::escape (482 bytes)

Stack: [0x000000c190700000,0x000000c190800000]
Native frames: (J=compiled Java code, j=interpreted, Vv=VM code, C=native code)
V  [jvm.dll+0x6ee8fa]
V  [jvm.dll+0x857a1e]
V  [jvm.dll+0x85940e]
V  [jvm.dll+0x859ac3]
V  [jvm.dll+0x28291f]
V  [jvm.dll+0xc9b5f]
V  [jvm.dll+0xc9ee5]
V  [jvm.dll+0x3bcbac]
V  [jvm.dll+0x386201]
V  [jvm.dll+0x38567a]
V  [jvm.dll+0x24c2c9]
V  [jvm.dll+0x24b671]
V  [jvm.dll+0x1d6d61]
V  [jvm.dll+0x25b0fa]
V  [jvm.dll+0x259588]
V  [jvm.dll+0x807928]
V  [jvm.dll+0x8015fa]
V  [jvm.dll+0x6ed5eb]
C  [ucrtbase.dll+0x21bb2]
C  [KERNEL32.DLL+0x174b4]
C  [ntdll.dll+0x526a1]


---------------  P R O C E S S  ---------------

Threads class SMR info:
_java_thread_list=0x000001d422247ab0, length=15, elements={
0x000001d47fc22b10, 0x000001d47fc23f90, 0x000001d47fc2a0f0, 0x000001d47fc2de00,
0x000001d47fc32ee0, 0x000001d47fc3b760, 0x000001d47fc3cca0, 0x000001d47fc40dd0,
0x000001d47fc4c6c0, 0x000001d47fbf75c0, 0x000001d41dd076d0, 0x000001d41dd09c20,
0x000001d4220bda00, 0x000001d422296e20, 0x000001d47f70fb40
}

Java Threads: ( => current thread )
  0x000001d47fc22b10 JavaThread "Reference Handler" daemon [_thread_blocked, id=24652, stack(0x000000c190100000,0x000000c190200000)]
  0x000001d47fc23f90 JavaThread "Finalizer" daemon [_thread_blocked, id=13408, stack(0x000000c190200000,0x000000c190300000)]
  0x000001d47fc2a0f0 JavaThread "Signal Dispatcher" daemon [_thread_blocked, id=28048, stack(0x000000c190300000,0x000000c190400000)]
  0x000001d47fc2de00 JavaThread "Attach Listener" daemon [_thread_blocked, id=24328, stack(0x000000c190400000,0x000000c190500000)]
  0x000001d47fc32ee0 JavaThread "Service Thread" daemon [_thread_blocked, id=27004, stack(0x000000c190500000,0x000000c190600000)]
  0x000001d47fc3b760 JavaThread "Monitor Deflation Thread" daemon [_thread_blocked, id=18492, stack(0x000000c190600000,0x000000c190700000)]
=>0x000001d47fc3cca0 JavaThread "C2 CompilerThread0" daemon [_thread_in_native, id=10548, stack(0x000000c190700000,0x000000c190800000)]
  0x000001d47fc40dd0 JavaThread "C1 CompilerThread0" daemon [_thread_blocked, id=19884, stack(0x000000c190800000,0x000000c190900000)]
  0x000001d47fc4c6c0 JavaThread "Sweeper thread" daemon [_thread_blocked, id=22968, stack(0x000000c190900000,0x000000c190a00000)]
  0x000001d47fbf75c0 JavaThread "Common-Cleaner" daemon [_thread_blocked, id=27508, stack(0x000000c190a00000,0x000000c190b00000)]
  0x000001d41dd076d0 JavaThread "Monitor Ctrl-Break" daemon [_thread_in_native, id=26332, stack(0x000000c190b00000,0x000000c190c00000)]
  0x000001d41dd09c20 JavaThread "Notification Thread" daemon [_thread_blocked, id=23812, stack(0x000000c190c00000,0x000000c190d00000)]
  0x000001d4220bda00 JavaThread "C2 CompilerThread1" daemon [_thread_in_native, id=10076, stack(0x000000c190e00000,0x000000c190f00000)]
  0x000001d422296e20 JavaThread "Keep-Alive-Timer" daemon [_thread_blocked, id=17804, stack(0x000000c191000000,0x000000c191100000)]
  0x000001d47f70fb40 JavaThread "DestroyJavaVM" [_thread_blocked, id=25432, stack(0x000000c18fa00000,0x000000c18fb00000)]

Other Threads:
  0x000001d47fc0a5b0 VMThread "VM Thread" [stack: 0x000000c190000000,0x000000c190100000] [id=24952]
  0x000001d47c9cca50 WatcherThread "VM Periodic Task Thread" [stack: 0x000000c190d00000,0x000000c190e00000] [id=21448]
  0x000001d47f73d7d0 WorkerThread "GC Thread#0" [stack: 0x000000c18fb00000,0x000000c18fc00000] [id=19508]
  0x000001d4223cd9b0 WorkerThread "GC Thread#1" [stack: 0x000000c191100000,0x000000c191200000] [id=26788]
  0x000001d4223cd6e0 WorkerThread "GC Thread#2" [stack: 0x000000c191200000,0x000000c191300000] [id=3388]
  0x000001d4223cc060 WorkerThread "GC Thread#3" [stack: 0x000000c191300000,0x000000c191400000] [id=27380]
  0x000001d4223cdc80 WorkerThread "GC Thread#4" [stack: 0x000000c191400000,0x000000c191500000] [id=2788]
  0x000001d4223cc330 WorkerThread "GC Thread#5" [stack: 0x000000c191500000,0x000000c191600000] [id=12432]
  0x000001d4223ccba0 WorkerThread "GC Thread#6" [stack: 0x000000c191600000,0x000000c191700000] [id=11636]
  0x000001d4223cc600 WorkerThread "GC Thread#7" [stack: 0x000000c191700000,0x000000c191800000] [id=27028]
  0x000001d47f73e4c0 ConcurrentGCThread "G1 Main Marker" [stack: 0x000000c18fc00000,0x000000c18fd00000] [id=16112]
  0x000001d47faaec90 WorkerThread "G1 Conc#0" [stack: 0x000000c18fd00000,0x000000c18fe00000] [id=8844]
  0x000001d47fb420c0 ConcurrentGCThread "G1 Refine#0" [stack: 0x000000c18fe00000,0x000000c18ff00000] [id=19732]
  0x000001d47fb44b10 ConcurrentGCThread "G1 Service" [stack: 0x000000c18ff00000,0x000000c190000000] [id=23240]

Threads with active compile tasks:
C2 CompilerThread0     1765 1667       4       org.jsoup.nodes.Entities::escape (482 bytes)
C2 CompilerThread1     1765 1757       4       java.util.regex.Matcher::replaceAll (59 bytes)

VM state: not at safepoint (normal execution)

VM Mutex/Monitor currently owned by a thread: None

Heap address: 0x0000000089a00000, size: 1894 MB, Compressed Oops mode: 32-bit

CDS archive(s) mapped at: [0x0000000800000000-0x0000000800c30000-0x0000000800c30000), size 12779520, SharedBaseAddress: 0x0000000800000000, ArchiveRelocationMode: 0.
Compressed class space mapped at: 0x0000000801000000-0x0000000841000000, reserved size: 1073741824
Narrow klass base: 0x0000000800000000, Narrow klass shift: 0, Narrow klass range: 0x100000000

GC Precious Log:
 CardTable entry size: 512
 Card Set container configuration: InlinePtr #cards 5 size 8 Array Of Cards #cards 12 size 40 Howl #buckets 4 coarsen threshold 1843 Howl Bitmap #cards 512 size 80 coarsen threshold 460 Card regions per heap region 1 cards per card region 2048
 CPUs: 8 total, 8 available
 Memory: 7569M
 Large Page Support: Disabled
 NUMA Support: Disabled
 Compressed Oops: Enabled (32-bit)
 Heap Region Size: 1M
 Heap Min Capacity: 8M
 Heap Initial Capacity: 120M
 Heap Max Capacity: 1894M
 Pre-touch: Disabled
 Parallel Workers: 8
 Concurrent Workers: 2
 Concurrent Refinement Workers: 8
 Periodic GC: Disabled

Heap:
 garbage-first heap   total 122880K, used 30814K [0x0000000089a00000, 0x0000000100000000)
  region size 1024K, 16 young (16384K), 1 survivors (1024K)
 Metaspace       used 10109K, committed 10304K, reserved 1114112K
  class space    used 1027K, committed 1152K, reserved 1048576K

Heap Regions: E=young(eden), S=young(survivor), O=old, HS=humongous(starts), HC=humongous(continues), CS=collection set, F=free, OA=open archive, CA=closed archive, TAMS=top-at-mark-start (previous, next)
|   0|0x0000000089a00000, 0x0000000089b00000, 0x0000000089b00000|100%| O|  |TAMS 0x0000000089a00000, 0x0000000089a00000| Untracked 
|   1|0x0000000089b00000, 0x0000000089c00000, 0x0000000089c00000|100%| O|  |TAMS 0x0000000089b00000, 0x0000000089b00000| Untracked 
|   2|0x0000000089c00000, 0x0000000089d00000, 0x0000000089d00000|100%| O|  |TAMS 0x0000000089c00000, 0x0000000089c00000| Untracked 
|   3|0x0000000089d00000, 0x0000000089e00000, 0x0000000089e00000|100%|HS|  |TAMS 0x0000000089d00000, 0x0000000089d00000| Complete 
|   4|0x0000000089e00000, 0x0000000089f00000, 0x0000000089f00000|100%|HC|  |TAMS 0x0000000089e00000, 0x0000000089e00000| Complete 
|   5|0x0000000089f00000, 0x000000008a000000, 0x000000008a000000|100%|HC|  |TAMS 0x0000000089f00000, 0x0000000089f00000| Complete 
|   6|0x000000008a000000, 0x000000008a100000, 0x000000008a100000|100%|HS|  |TAMS 0x000000008a000000, 0x000000008a000000| Complete 
|   7|0x000000008a100000, 0x000000008a200000, 0x000000008a200000|100%|HC|  |TAMS 0x000000008a100000, 0x000000008a100000| Complete 
|   8|0x000000008a200000, 0x000000008a300000, 0x000000008a300000|100%|HS|  |TAMS 0x000000008a200000, 0x000000008a200000| Complete 
|   9|0x000000008a300000, 0x000000008a400000, 0x000000008a400000|100%|HC|  |TAMS 0x000000008a300000, 0x000000008a300000| Complete 
|  10|0x000000008a400000, 0x000000008a500000, 0x000000008a500000|100%|HS|  |TAMS 0x000000008a400000, 0x000000008a400000| Complete 
|  11|0x000000008a500000, 0x000000008a600000, 0x000000008a600000|100%|HC|  |TAMS 0x000000008a500000, 0x000000008a500000| Complete 
|  12|0x000000008a600000, 0x000000008a600000, 0x000000008a700000|  0%| F|  |TAMS 0x000000008a600000, 0x000000008a600000| Untracked 
|  13|0x000000008a700000, 0x000000008a800000, 0x000000008a800000|100%|HS|  |TAMS 0x000000008a700000, 0x000000008a700000| Complete 
|  14|0x000000008a800000, 0x000000008a900000, 0x000000008a900000|100%|HC|  |TAMS 0x000000008a800000, 0x000000008a800000| Complete 
|  15|0x000000008a900000, 0x000000008aa00000, 0x000000008aa00000|100%| O|  |TAMS 0x000000008a900000, 0x000000008a900000| Untracked 
|  16|0x000000008aa00000, 0x000000008ab00000, 0x000000008ab00000|100%| O|  |TAMS 0x000000008aa00000, 0x000000008aa00000| Untracked 
|  17|0x000000008ab00000, 0x000000008ab7f400, 0x000000008ac00000| 49%| O|  |TAMS 0x000000008ab00000, 0x000000008ab00000| Untracked 
|  18|0x000000008ac00000, 0x000000008ac00000, 0x000000008ad00000|  0%| F|  |TAMS 0x000000008ac00000, 0x000000008ac00000| Untracked 
|  19|0x000000008ad00000, 0x000000008ad00000, 0x000000008ae00000|  0%| F|  |TAMS 0x000000008ad00000, 0x000000008ad00000| Untracked 
|  20|0x000000008ae00000, 0x000000008ae00000, 0x000000008af00000|  0%| F|  |TAMS 0x000000008ae00000, 0x000000008ae00000| Untracked 
|  21|0x000000008af00000, 0x000000008af00000, 0x000000008b000000|  0%| F|  |TAMS 0x000000008af00000, 0x000000008af00000| Untracked 
|  22|0x000000008b000000, 0x000000008b000000, 0x000000008b100000|  0%| F|  |TAMS 0x000000008b000000, 0x000000008b000000| Untracked 
|  23|0x000000008b100000, 0x000000008b100000, 0x000000008b200000|  0%| F|  |TAMS 0x000000008b100000, 0x000000008b100000| Untracked 
|  24|0x000000008b200000, 0x000000008b200000, 0x000000008b300000|  0%| F|  |TAMS 0x000000008b200000, 0x000000008b200000| Untracked 
|  25|0x000000008b300000, 0x000000008b300000, 0x000000008b400000|  0%| F|  |TAMS 0x000000008b300000, 0x000000008b300000| Untracked 
|  26|0x000000008b400000, 0x000000008b400000, 0x000000008b500000|  0%| F|  |TAMS 0x000000008b400000, 0x000000008b400000| Untracked 
|  27|0x000000008b500000, 0x000000008b500000, 0x000000008b600000|  0%| F|  |TAMS 0x000000008b500000, 0x000000008b500000| Untracked 
|  28|0x000000008b600000, 0x000000008b600000, 0x000000008b700000|  0%| F|  |TAMS 0x000000008b600000, 0x000000008b600000| Untracked 
|  29|0x000000008b700000, 0x000000008b700000, 0x000000008b800000|  0%| F|  |TAMS 0x000000008b700000, 0x000000008b700000| Untracked 
|  30|0x000000008b800000, 0x000000008b800000, 0x000000008b900000|  0%| F|  |TAMS 0x000000008b800000, 0x000000008b800000| Untracked 
|  31|0x000000008b900000, 0x000000008b900000, 0x000000008ba00000|  0%| F|  |TAMS 0x000000008b900000, 0x000000008b900000| Untracked 
|  32|0x000000008ba00000, 0x000000008ba00000, 0x000000008bb00000|  0%| F|  |TAMS 0x000000008ba00000, 0x000000008ba00000| Untracked 
|  33|0x000000008bb00000, 0x000000008bb00000, 0x000000008bc00000|  0%| F|  |TAMS 0x000000008bb00000, 0x000000008bb00000| Untracked 
|  34|0x000000008bc00000, 0x000000008bc00000, 0x000000008bd00000|  0%| F|  |TAMS 0x000000008bc00000, 0x000000008bc00000| Untracked 
|  35|0x000000008bd00000, 0x000000008bd00000, 0x000000008be00000|  0%| F|  |TAMS 0x000000008bd00000, 0x000000008bd00000| Untracked 
|  36|0x000000008be00000, 0x000000008be00000, 0x000000008bf00000|  0%| F|  |TAMS 0x000000008be00000, 0x000000008be00000| Untracked 
|  37|0x000000008bf00000, 0x000000008bf00000, 0x000000008c000000|  0%| F|  |TAMS 0x000000008bf00000, 0x000000008bf00000| Untracked 
|  38|0x000000008c000000, 0x000000008c000000, 0x000000008c100000|  0%| F|  |TAMS 0x000000008c000000, 0x000000008c000000| Untracked 
|  39|0x000000008c100000, 0x000000008c100000, 0x000000008c200000|  0%| F|  |TAMS 0x000000008c100000, 0x000000008c100000| Untracked 
|  40|0x000000008c200000, 0x000000008c200000, 0x000000008c300000|  0%| F|  |TAMS 0x000000008c200000, 0x000000008c200000| Untracked 
|  41|0x000000008c300000, 0x000000008c300000, 0x000000008c400000|  0%| F|  |TAMS 0x000000008c300000, 0x000000008c300000| Untracked 
|  42|0x000000008c400000, 0x000000008c400000, 0x000000008c500000|  0%| F|  |TAMS 0x000000008c400000, 0x000000008c400000| Untracked 
|  43|0x000000008c500000, 0x000000008c500000, 0x000000008c600000|  0%| F|  |TAMS 0x000000008c500000, 0x000000008c500000| Untracked 
|  44|0x000000008c600000, 0x000000008c600000, 0x000000008c700000|  0%| F|  |TAMS 0x000000008c600000, 0x000000008c600000| Untracked 
|  45|0x000000008c700000, 0x000000008c700000, 0x000000008c800000|  0%| F|  |TAMS 0x000000008c700000, 0x000000008c700000| Untracked 
|  46|0x000000008c800000, 0x000000008c800000, 0x000000008c900000|  0%| F|  |TAMS 0x000000008c800000, 0x000000008c800000| Untracked 
|  47|0x000000008c900000, 0x000000008c900000, 0x000000008ca00000|  0%| F|  |TAMS 0x000000008c900000, 0x000000008c900000| Untracked 
|  48|0x000000008ca00000, 0x000000008ca00000, 0x000000008cb00000|  0%| F|  |TAMS 0x000000008ca00000, 0x000000008ca00000| Untracked 
|  49|0x000000008cb00000, 0x000000008cb00000, 0x000000008cc00000|  0%| F|  |TAMS 0x000000008cb00000, 0x000000008cb00000| Untracked 
|  50|0x000000008cc00000, 0x000000008cc00000, 0x000000008cd00000|  0%| F|  |TAMS 0x000000008cc00000, 0x000000008cc00000| Untracked 
|  51|0x000000008cd00000, 0x000000008cd00000, 0x000000008ce00000|  0%| F|  |TAMS 0x000000008cd00000, 0x000000008cd00000| Untracked 
|  52|0x000000008ce00000, 0x000000008ce00000, 0x000000008cf00000|  0%| F|  |TAMS 0x000000008ce00000, 0x000000008ce00000| Untracked 
|  53|0x000000008cf00000, 0x000000008cf00000, 0x000000008d000000|  0%| F|  |TAMS 0x000000008cf00000, 0x000000008cf00000| Untracked 
|  54|0x000000008d000000, 0x000000008d000000, 0x000000008d100000|  0%| F|  |TAMS 0x000000008d000000, 0x000000008d000000| Untracked 
|  55|0x000000008d100000, 0x000000008d100000, 0x000000008d200000|  0%| F|  |TAMS 0x000000008d100000, 0x000000008d100000| Untracked 
|  56|0x000000008d200000, 0x000000008d200000, 0x000000008d300000|  0%| F|  |TAMS 0x000000008d200000, 0x000000008d200000| Untracked 
|  57|0x000000008d300000, 0x000000008d300000, 0x000000008d400000|  0%| F|  |TAMS 0x000000008d300000, 0x000000008d300000| Untracked 
|  58|0x000000008d400000, 0x000000008d400000, 0x000000008d500000|  0%| F|  |TAMS 0x000000008d400000, 0x000000008d400000| Untracked 
|  59|0x000000008d500000, 0x000000008d500000, 0x000000008d600000|  0%| F|  |TAMS 0x000000008d500000, 0x000000008d500000| Untracked 
|  60|0x000000008d600000, 0x000000008d600000, 0x000000008d700000|  0%| F|  |TAMS 0x000000008d600000, 0x000000008d600000| Untracked 
|  61|0x000000008d700000, 0x000000008d700000, 0x000000008d800000|  0%| F|  |TAMS 0x000000008d700000, 0x000000008d700000| Untracked 
|  62|0x000000008d800000, 0x000000008d800000, 0x000000008d900000|  0%| F|  |TAMS 0x000000008d800000, 0x000000008d800000| Untracked 
|  63|0x000000008d900000, 0x000000008d900000, 0x000000008da00000|  0%| F|  |TAMS 0x000000008d900000, 0x000000008d900000| Untracked 
|  64|0x000000008da00000, 0x000000008da00000, 0x000000008db00000|  0%| F|  |TAMS 0x000000008da00000, 0x000000008da00000| Untracked 
|  65|0x000000008db00000, 0x000000008db00000, 0x000000008dc00000|  0%| F|  |TAMS 0x000000008db00000, 0x000000008db00000| Untracked 
|  66|0x000000008dc00000, 0x000000008dc00000, 0x000000008dd00000|  0%| F|  |TAMS 0x000000008dc00000, 0x000000008dc00000| Untracked 
|  67|0x000000008dd00000, 0x000000008dd00000, 0x000000008de00000|  0%| F|  |TAMS 0x000000008dd00000, 0x000000008dd00000| Untracked 
|  68|0x000000008de00000, 0x000000008de00000, 0x000000008df00000|  0%| F|  |TAMS 0x000000008de00000, 0x000000008de00000| Untracked 
|  69|0x000000008df00000, 0x000000008df00000, 0x000000008e000000|  0%| F|  |TAMS 0x000000008df00000, 0x000000008df00000| Untracked 
|  70|0x000000008e000000, 0x000000008e000000, 0x000000008e100000|  0%| F|  |TAMS 0x000000008e000000, 0x000000008e000000| Untracked 
|  71|0x000000008e100000, 0x000000008e100000, 0x000000008e200000|  0%| F|  |TAMS 0x000000008e100000, 0x000000008e100000| Untracked 
|  72|0x000000008e200000, 0x000000008e200000, 0x000000008e300000|  0%| F|  |TAMS 0x000000008e200000, 0x000000008e200000| Untracked 
|  73|0x000000008e300000, 0x000000008e300000, 0x000000008e400000|  0%| F|  |TAMS 0x000000008e300000, 0x000000008e300000| Untracked 
|  74|0x000000008e400000, 0x000000008e400000, 0x000000008e500000|  0%| F|  |TAMS 0x000000008e400000, 0x000000008e400000| Untracked 
|  75|0x000000008e500000, 0x000000008e500000, 0x000000008e600000|  0%| F|  |TAMS 0x000000008e500000, 0x000000008e500000| Untracked 
|  76|0x000000008e600000, 0x000000008e600000, 0x000000008e700000|  0%| F|  |TAMS 0x000000008e600000, 0x000000008e600000| Untracked 
|  77|0x000000008e700000, 0x000000008e700000, 0x000000008e800000|  0%| F|  |TAMS 0x000000008e700000, 0x000000008e700000| Untracked 
|  78|0x000000008e800000, 0x000000008e800000, 0x000000008e900000|  0%| F|  |TAMS 0x000000008e800000, 0x000000008e800000| Untracked 
|  79|0x000000008e900000, 0x000000008e900000, 0x000000008ea00000|  0%| F|  |TAMS 0x000000008e900000, 0x000000008e900000| Untracked 
|  80|0x000000008ea00000, 0x000000008ea00000, 0x000000008eb00000|  0%| F|  |TAMS 0x000000008ea00000, 0x000000008ea00000| Untracked 
|  81|0x000000008eb00000, 0x000000008eb00000, 0x000000008ec00000|  0%| F|  |TAMS 0x000000008eb00000, 0x000000008eb00000| Untracked 
|  82|0x000000008ec00000, 0x000000008ec00000, 0x000000008ed00000|  0%| F|  |TAMS 0x000000008ec00000, 0x000000008ec00000| Untracked 
|  83|0x000000008ed00000, 0x000000008ed00000, 0x000000008ee00000|  0%| F|  |TAMS 0x000000008ed00000, 0x000000008ed00000| Untracked 
|  84|0x000000008ee00000, 0x000000008ee00000, 0x000000008ef00000|  0%| F|  |TAMS 0x000000008ee00000, 0x000000008ee00000| Untracked 
|  85|0x000000008ef00000, 0x000000008ef00000, 0x000000008f000000|  0%| F|  |TAMS 0x000000008ef00000, 0x000000008ef00000| Untracked 
|  86|0x000000008f000000, 0x000000008f000000, 0x000000008f100000|  0%| F|  |TAMS 0x000000008f000000, 0x000000008f000000| Untracked 
|  87|0x000000008f100000, 0x000000008f100000, 0x000000008f200000|  0%| F|  |TAMS 0x000000008f100000, 0x000000008f100000| Untracked 
|  88|0x000000008f200000, 0x000000008f200000, 0x000000008f300000|  0%| F|  |TAMS 0x000000008f200000, 0x000000008f200000| Untracked 
|  89|0x000000008f300000, 0x000000008f3987f0, 0x000000008f400000| 59%| S|CS|TAMS 0x000000008f300000, 0x000000008f300000| Complete 
|  90|0x000000008f400000, 0x000000008f400000, 0x000000008f500000|  0%| F|  |TAMS 0x000000008f400000, 0x000000008f400000| Untracked 
|  91|0x000000008f500000, 0x000000008f500000, 0x000000008f600000|  0%| F|  |TAMS 0x000000008f500000, 0x000000008f500000| Untracked 
|  92|0x000000008f600000, 0x000000008f600000, 0x000000008f700000|  0%| F|  |TAMS 0x000000008f600000, 0x000000008f600000| Untracked 
|  93|0x000000008f700000, 0x000000008f700000, 0x000000008f800000|  0%| F|  |TAMS 0x000000008f700000, 0x000000008f700000| Untracked 
|  94|0x000000008f800000, 0x000000008f800000, 0x000000008f900000|  0%| F|  |TAMS 0x000000008f800000, 0x000000008f800000| Untracked 
|  95|0x000000008f900000, 0x000000008f900000, 0x000000008fa00000|  0%| F|  |TAMS 0x000000008f900000, 0x000000008f900000| Untracked 
|  96|0x000000008fa00000, 0x000000008fa00000, 0x000000008fb00000|  0%| F|  |TAMS 0x000000008fa00000, 0x000000008fa00000| Untracked 
|  97|0x000000008fb00000, 0x000000008fb00000, 0x000000008fc00000|  0%| F|  |TAMS 0x000000008fb00000, 0x000000008fb00000| Untracked 
|  98|0x000000008fc00000, 0x000000008fc00000, 0x000000008fd00000|  0%| F|  |TAMS 0x000000008fc00000, 0x000000008fc00000| Untracked 
|  99|0x000000008fd00000, 0x000000008fd00000, 0x000000008fe00000|  0%| F|  |TAMS 0x000000008fd00000, 0x000000008fd00000| Untracked 
| 100|0x000000008fe00000, 0x000000008fe00000, 0x000000008ff00000|  0%| F|  |TAMS 0x000000008fe00000, 0x000000008fe00000| Untracked 
| 101|0x000000008ff00000, 0x000000008ff00000, 0x0000000090000000|  0%| F|  |TAMS 0x000000008ff00000, 0x000000008ff00000| Untracked 
| 102|0x0000000090000000, 0x0000000090000000, 0x0000000090100000|  0%| F|  |TAMS 0x0000000090000000, 0x0000000090000000| Untracked 
| 103|0x0000000090100000, 0x0000000090100000, 0x0000000090200000|  0%| F|  |TAMS 0x0000000090100000, 0x0000000090100000| Untracked 
| 104|0x0000000090200000, 0x0000000090200000, 0x0000000090300000|  0%| F|  |TAMS 0x0000000090200000, 0x0000000090200000| Untracked 
| 105|0x0000000090300000, 0x0000000090384010, 0x0000000090400000| 51%| E|  |TAMS 0x0000000090300000, 0x0000000090300000| Complete 
| 106|0x0000000090400000, 0x0000000090500000, 0x0000000090500000|100%| E|CS|TAMS 0x0000000090400000, 0x0000000090400000| Complete 
| 107|0x0000000090500000, 0x0000000090600000, 0x0000000090600000|100%| E|CS|TAMS 0x0000000090500000, 0x0000000090500000| Complete 
| 108|0x0000000090600000, 0x0000000090700000, 0x0000000090700000|100%| E|  |TAMS 0x0000000090600000, 0x0000000090600000| Complete 
| 109|0x0000000090700000, 0x0000000090800000, 0x0000000090800000|100%| E|CS|TAMS 0x0000000090700000, 0x0000000090700000| Complete 
| 110|0x0000000090800000, 0x0000000090900000, 0x0000000090900000|100%| E|CS|TAMS 0x0000000090800000, 0x0000000090800000| Complete 
| 111|0x0000000090900000, 0x0000000090a00000, 0x0000000090a00000|100%| E|CS|TAMS 0x0000000090900000, 0x0000000090900000| Complete 
| 112|0x0000000090a00000, 0x0000000090b00000, 0x0000000090b00000|100%| E|CS|TAMS 0x0000000090a00000, 0x0000000090a00000| Complete 
| 113|0x0000000090b00000, 0x0000000090c00000, 0x0000000090c00000|100%| E|CS|TAMS 0x0000000090b00000, 0x0000000090b00000| Complete 
| 114|0x0000000090c00000, 0x0000000090d00000, 0x0000000090d00000|100%| E|CS|TAMS 0x0000000090c00000, 0x0000000090c00000| Complete 
| 115|0x0000000090d00000, 0x0000000090e00000, 0x0000000090e00000|100%| E|CS|TAMS 0x0000000090d00000, 0x0000000090d00000| Complete 
| 116|0x0000000090e00000, 0x0000000090f00000, 0x0000000090f00000|100%| E|CS|TAMS 0x0000000090e00000, 0x0000000090e00000| Complete 
| 117|0x0000000090f00000, 0x0000000091000000, 0x0000000091000000|100%| E|CS|TAMS 0x0000000090f00000, 0x0000000090f00000| Complete 
| 118|0x0000000091000000, 0x0000000091100000, 0x0000000091100000|100%| E|CS|TAMS 0x0000000091000000, 0x0000000091000000| Complete 
| 119|0x0000000091100000, 0x0000000091200000, 0x0000000091200000|100%| E|CS|TAMS 0x0000000091100000, 0x0000000091100000| Complete 

Card table byte_map: [0x000001d417250000,0x000001d417610000] _byte_map_base: 0x000001d416e03000

Marking Bits (Prev, Next): (CMBitMap*) 0x000001d47f73de00, (CMBitMap*) 0x000001d47f73de40
 Prev Bits: [0x000001d4179d0000, 0x000001d419768000)
 Next Bits: [0x000001d419770000, 0x000001d41b508000)

Polling page: 0x000001d47ee40000

Metaspace:

Usage:
  Non-class:      8.87 MB used.
      Class:      1.00 MB used.
       Both:      9.87 MB used.

Virtual space:
  Non-class space:       64.00 MB reserved,       8.94 MB ( 14%) committed,  1 nodes.
      Class space:        1.00 GB reserved,       1.12 MB ( <1%) committed,  1 nodes.
             Both:        1.06 GB reserved,      10.06 MB ( <1%) committed. 

Chunk freelists:
   Non-Class:  2.39 MB
       Class:  2.73 MB
        Both:  5.12 MB

MaxMetaspaceSize: unlimited
CompressedClassSpaceSize: 1.00 GB
Initial GC threshold: 21.00 MB
Current GC threshold: 21.00 MB
CDS: on
MetaspaceReclaimPolicy: balanced
 - commit_granule_bytes: 65536.
 - commit_granule_words: 8192.
 - virtual_space_node_default_size: 8388608.
 - enlarge_chunks_in_place: 1.
 - new_chunks_are_fully_committed: 0.
 - uncommit_free_chunks: 1.
 - use_allocation_guard: 0.


Internal statistics:

num_allocs_failed_limit: 0.
num_arena_births: 56.
num_arena_deaths: 0.
num_vsnodes_births: 2.
num_vsnodes_deaths: 0.
num_space_committed: 161.
num_space_uncommitted: 0.
num_chunks_returned_to_freelist: 0.
num_chunks_taken_from_freelist: 151.
num_chunk_merges: 0.
num_chunk_splits: 102.
num_chunks_enlarged: 75.
num_inconsistent_stats: 0.

CodeHeap 'non-profiled nmethods': size=120000Kb used=688Kb max_used=688Kb free=119311Kb
 bounds [0x000001d40f960000, 0x000001d40fbd0000, 0x000001d416e90000]
CodeHeap 'profiled nmethods': size=120000Kb used=3207Kb max_used=3207Kb free=116792Kb
 bounds [0x000001d407e90000, 0x000001d4081c0000, 0x000001d40f3c0000]
CodeHeap 'non-nmethods': size=5760Kb used=1303Kb max_used=1332Kb free=4456Kb
 bounds [0x000001d40f3c0000, 0x000001d40f630000, 0x000001d40f960000]
 total_blobs=2288 nmethods=1782 adapters=417
 compilation: enabled
              stopped_count=0, restarted_count=0
 full_count=0

Compilation events (20 events):
Event: 1.284 Thread 0x000001d4220bda00 nmethod 1692 0x000001d40f9fc790 code [0x000001d40f9fc920, 0x000001d40f9fca28]
Event: 1.284 Thread 0x000001d4220bda00 1693       4       java.lang.StringBuilder::append (6 bytes)
Event: 1.284 Thread 0x000001d4220bda00 nmethod 1693 0x000001d40f9fcb90 code [0x000001d40f9fcd20, 0x000001d40f9fcdc8]
Event: 1.284 Thread 0x000001d4220bda00 1694       4       java.lang.StringBuilder::append (6 bytes)
Event: 1.285 Thread 0x000001d47fc40dd0 1702       3       org.jsoup.select.NodeTraversor::traverse (198 bytes)
Event: 1.285 Thread 0x000001d4220bda00 nmethod 1694 0x000001d40f9fce90 code [0x000001d40f9fd020, 0x000001d40f9fd0e8]
Event: 1.285 Thread 0x000001d4220bda00 1695       4       org.jsoup.nodes.Element::childNodeSize (10 bytes)
Event: 1.286 Thread 0x000001d47fc40dd0 nmethod 1702 0x000001d40818e790 code [0x000001d40818eac0, 0x000001d4081903c8]
Event: 1.286 Thread 0x000001d4220bda00 nmethod 1695 0x000001d40f9fd210 code [0x000001d40f9fd3a0, 0x000001d40f9fd458]
Event: 1.286 Thread 0x000001d4220bda00 1689       4       java.lang.AbstractStringBuilder::inflate (42 bytes)
Event: 1.288 Thread 0x000001d4220bda00 nmethod 1689 0x000001d40f9fd510 code [0x000001d40f9fd6a0, 0x000001d40f9fd9c8]
Event: 1.288 Thread 0x000001d4220bda00 1697       4       java.util.ArrayList::isEmpty (13 bytes)
Event: 1.288 Thread 0x000001d4220bda00 nmethod 1697 0x000001d40f9fdb10 code [0x000001d40f9fdca0, 0x000001d40f9fdd38]
Event: 1.288 Thread 0x000001d4220bda00 1691       4       java.lang.StringLatin1::inflate (10 bytes)
Event: 1.288 Thread 0x000001d47fc40dd0 1707       1       java.nio.charset.CharsetEncoder::charset (5 bytes)
Event: 1.288 Thread 0x000001d47fc40dd0 nmethod 1707 0x000001d40f9fde10 code [0x000001d40f9fdfa0, 0x000001d40f9fe058]
Event: 1.288 Thread 0x000001d47fc40dd0 1708       1       org.jsoup.nodes.Document::outputSettings (5 bytes)
Event: 1.288 Thread 0x000001d47fc40dd0 nmethod 1708 0x000001d40f9fe110 code [0x000001d40f9fe2a0, 0x000001d40f9fe358]
Event: 1.288 Thread 0x000001d47fc40dd0 1709       1       java.nio.charset.Charset::name (5 bytes)
Event: 1.289 Thread 0x000001d47fc40dd0 nmethod 1709 0x000001d40f9fe410 code [0x000001d40f9fe5a0, 0x000001d40f9fe658]

GC Heap History (2 events):
Event: 1.235 GC heap before
{Heap before GC invocations=0 (full 0):
 garbage-first heap   total 122880K, used 22528K [0x0000000089a00000, 0x0000000100000000)
  region size 1024K, 23 young (23552K), 0 survivors (0K)
 Metaspace       used 9852K, committed 10112K, reserved 1114112K
  class space    used 1012K, committed 1152K, reserved 1048576K
}
Event: 1.249 GC heap after
{Heap after GC invocations=1 (full 0):
 garbage-first heap   total 122880K, used 5536K [0x0000000089a00000, 0x0000000100000000)
  region size 1024K, 3 young (3072K), 3 survivors (3072K)
 Metaspace       used 9852K, committed 10112K, reserved 1114112K
  class space    used 1012K, committed 1152K, reserved 1048576K
}

Dll operation events (11 events):
Event: 0.026 Loaded shared library C:\Users\pavlovvy\.jdks\openjdk-19.0.1\bin\java.dll
Event: 0.038 Loaded shared library C:\Users\pavlovvy\.jdks\openjdk-19.0.1\bin\jsvml.dll
Event: 0.128 Loaded shared library C:\Users\pavlovvy\.jdks\openjdk-19.0.1\bin\zip.dll
Event: 0.135 Loaded shared library C:\Users\pavlovvy\.jdks\openjdk-19.0.1\bin\instrument.dll
Event: 0.144 Loaded shared library C:\Users\pavlovvy\.jdks\openjdk-19.0.1\bin\net.dll
Event: 0.149 Loaded shared library C:\Users\pavlovvy\.jdks\openjdk-19.0.1\bin\nio.dll
Event: 0.154 Loaded shared library C:\Users\pavlovvy\.jdks\openjdk-19.0.1\bin\zip.dll
Event: 0.173 Loaded shared library C:\Users\pavlovvy\AppData\Local\JetBrains\IntelliJ IDEA Community Edition 2022.2.3\bin\breakgen64.dll
Event: 0.187 Loaded shared library C:\Users\pavlovvy\.jdks\openjdk-19.0.1\bin\extnet.dll
Event: 0.190 Loaded shared library C:\Users\pavlovvy\.jdks\openjdk-19.0.1\bin\jimage.dll
Event: 0.519 Loaded shared library C:\Users\pavlovvy\.jdks\openjdk-19.0.1\bin\sunmscapi.dll

Deoptimization events (20 events):
Event: 1.160 Thread 0x000001d47f70fb40 DEOPT PACKING pc=0x000001d407ff5ede sp=0x000000c18fafd530
Event: 1.160 Thread 0x000001d47f70fb40 DEOPT UNPACKING pc=0x000001d40f42b0e3 sp=0x000000c18fafc960 mode 0
Event: 1.168 Thread 0x000001d47f70fb40 Uncommon trap: trap_request=0xffffffde fr.pc=0x000001d40f9d75b4 relative=0x00000000000002b4
Event: 1.168 Thread 0x000001d47f70fb40 Uncommon trap: reason=class_check action=maybe_recompile pc=0x000001d40f9d75b4 method=org.jsoup.parser.CharacterReader.bufferUp()V @ 58 c2
Event: 1.168 Thread 0x000001d47f70fb40 DEOPT PACKING pc=0x000001d40f9d75b4 sp=0x000000c18fafeeb0
Event: 1.168 Thread 0x000001d47f70fb40 DEOPT UNPACKING pc=0x000001d40f42a5a3 sp=0x000000c18fafee48 mode 2
Event: 1.169 Thread 0x000001d47f70fb40 DEOPT PACKING pc=0x000001d407edee3e sp=0x000000c18fafe6c0
Event: 1.169 Thread 0x000001d47f70fb40 DEOPT UNPACKING pc=0x000001d40f42b0e3 sp=0x000000c18fafdb60 mode 0
Event: 1.175 Thread 0x000001d47f70fb40 Uncommon trap: trap_request=0xffffffde fr.pc=0x000001d40f9d75b4 relative=0x00000000000002b4
Event: 1.175 Thread 0x000001d47f70fb40 Uncommon trap: reason=class_check action=maybe_recompile pc=0x000001d40f9d75b4 method=org.jsoup.parser.CharacterReader.bufferUp()V @ 58 c2
Event: 1.175 Thread 0x000001d47f70fb40 DEOPT PACKING pc=0x000001d40f9d75b4 sp=0x000000c18fafee40
Event: 1.175 Thread 0x000001d47f70fb40 DEOPT UNPACKING pc=0x000001d40f42a5a3 sp=0x000000c18fafedd8 mode 2
Event: 1.184 Thread 0x000001d47f70fb40 Uncommon trap: trap_request=0xffffffde fr.pc=0x000001d40f9d75b4 relative=0x00000000000002b4
Event: 1.184 Thread 0x000001d47f70fb40 Uncommon trap: reason=class_check action=maybe_recompile pc=0x000001d40f9d75b4 method=org.jsoup.parser.CharacterReader.bufferUp()V @ 58 c2
Event: 1.184 Thread 0x000001d47f70fb40 DEOPT PACKING pc=0x000001d40f9d75b4 sp=0x000000c18fafef20
Event: 1.184 Thread 0x000001d47f70fb40 DEOPT UNPACKING pc=0x000001d40f42a5a3 sp=0x000000c18fafeeb8 mode 2
Event: 1.232 Thread 0x000001d47f70fb40 Uncommon trap: trap_request=0xffffff45 fr.pc=0x000001d40f9f51f0 relative=0x0000000000000050
Event: 1.232 Thread 0x000001d47f70fb40 Uncommon trap: reason=unstable_if action=reinterpret pc=0x000001d40f9f51f0 method=org.jsoup.internal.StringUtil.isWhitespace(I)Z @ 9 c2
Event: 1.232 Thread 0x000001d47f70fb40 DEOPT PACKING pc=0x000001d40f9f51f0 sp=0x000000c18fafef30
Event: 1.232 Thread 0x000001d47f70fb40 DEOPT UNPACKING pc=0x000001d40f42a5a3 sp=0x000000c18fafeec8 mode 2

Classes loaded (20 events):
Event: 1.074 Loading class java/util/zip/CheckedInputStream
Event: 1.074 Loading class java/util/zip/CheckedInputStream done
Event: 1.074 Loading class java/net/SocketTimeoutException
Event: 1.074 Loading class java/io/InterruptedIOException
Event: 1.074 Loading class java/io/InterruptedIOException done
Event: 1.074 Loading class java/net/SocketTimeoutException done
Event: 1.075 Loading class java/lang/CloneNotSupportedException
Event: 1.075 Loading class java/lang/CloneNotSupportedException done
Event: 1.076 Loading class java/util/regex/PatternSyntaxException
Event: 1.076 Loading class java/util/regex/PatternSyntaxException done
Event: 1.103 Loading class java/util/DualPivotQuicksort
Event: 1.103 Loading class java/util/DualPivotQuicksort done
Event: 1.141 Loading class java/lang/NoSuchFieldError
Event: 1.141 Loading class java/lang/NoSuchFieldError done
Event: 1.191 Loading class java/io/SequenceInputStream
Event: 1.191 Loading class java/io/SequenceInputStream done
Event: 1.191 Loading class java/util/zip/GZIPInputStream$1
Event: 1.192 Loading class java/util/zip/GZIPInputStream$1 done
Event: 1.250 Loading class java/util/concurrent/locks/AbstractQueuedSynchronizer$ExclusiveNode
Event: 1.250 Loading class java/util/concurrent/locks/AbstractQueuedSynchronizer$ExclusiveNode done

Classes unloaded (0 events):
No events

Classes redefined (0 events):
No events

Internal exceptions (11 events):
Event: 0.160 Thread 0x000001d47f70fb40 Exception <a 'java/lang/NoSuchMethodError'{0x0000000090f53d38}: 'void java.lang.invoke.DirectMethodHandle$Holder.invokeStatic(java.lang.Object, java.lang.Object, java.lang.Object)'> (0x0000000090f53d38) 
thrown [s\open\src\hotspot\share\interpreter\linkResolver.cpp, line 774]
Event: 0.165 Thread 0x000001d47f70fb40 Exception <a 'java/lang/NoSuchMethodError'{0x0000000090f6c330}: 'java.lang.Object java.lang.invoke.Invokers$Holder.invokeExact_MT(java.lang.Object, java.lang.Object, java.lang.Object, java.lang.Object, java.lang.Object)'> (0x0000000090f6c330) 
thrown [s\open\src\hotspot\share\interpreter\linkResolver.cpp, line 774]
Event: 0.189 Thread 0x000001d41dd076d0 Exception <a 'java/lang/NoSuchMethodError'{0x0000000090ff3c90}: 'void java.lang.invoke.DirectMethodHandle$Holder.invokeStatic(java.lang.Object, java.lang.Object)'> (0x0000000090ff3c90) 
thrown [s\open\src\hotspot\share\interpreter\linkResolver.cpp, line 774]
Event: 0.276 Thread 0x000001d47f70fb40 Exception <a 'sun/nio/fs/WindowsException'{0x0000000090c1d3b0}> (0x0000000090c1d3b0) 
thrown [s\open\src\hotspot\share\prims\jni.cpp, line 517]
Event: 0.288 Thread 0x000001d47f70fb40 Exception <a 'java/lang/NoSuchMethodError'{0x0000000090c3cb70}: 'java.lang.Object java.lang.invoke.DirectMethodHandle$Holder.invokeStaticInit(java.lang.Object)'> (0x0000000090c3cb70) 
thrown [s\open\src\hotspot\share\interpreter\linkResolver.cpp, line 774]
Event: 0.390 Thread 0x000001d47f70fb40 Exception <a 'java/lang/NoSuchMethodError'{0x0000000090744038}: 'java.lang.Object java.lang.invoke.DirectMethodHandle$Holder.invokeStaticInit(java.lang.Object, int, int, int, int)'> (0x0000000090744038) 
thrown [s\open\src\hotspot\share\interpreter\linkResolver.cpp, line 774]
Event: 0.481 Thread 0x000001d47f70fb40 Exception <a 'java/lang/NoSuchMethodError'{0x00000000906064d0}: 'java.lang.Object java.lang.invoke.DirectMethodHandle$Holder.invokeStaticInit(java.lang.Object, java.lang.Object, int, int, int, int)'> (0x00000000906064d0) 
thrown [s\open\src\hotspot\share\interpreter\linkResolver.cpp, line 774]
Event: 0.779 Thread 0x000001d47f70fb40 Exception <a 'java/lang/NoSuchMethodError'{0x000000009057a060}: 'void java.lang.invoke.DirectMethodHandle$Holder.invokeVirtual(java.lang.Object, java.lang.Object)'> (0x000000009057a060) 
thrown [s\open\src\hotspot\share\interpreter\linkResolver.cpp, line 774]
Event: 0.796 Thread 0x000001d47f70fb40 Implicit null exception at 0x000001d40f98ce31 to 0x000001d40f98d0c3
Event: 0.887 Thread 0x000001d47f70fb40 Exception <a 'java/lang/NoSuchMethodError'{0x00000000902cf140}: 'java.lang.Object java.lang.invoke.DirectMethodHandle$Holder.invokeInterface(java.lang.Object, java.lang.Object)'> (0x00000000902cf140) 
thrown [s\open\src\hotspot\share\interpreter\linkResolver.cpp, line 774]
Event: 1.075 Thread 0x000001d47f70fb40 Implicit null exception at 0x000001d40f9bf2f3 to 0x000001d40f9bf61c

VM Operations (20 events):
Event: 0.179 Executing VM operation: HandshakeAllThreads
Event: 0.180 Executing VM operation: HandshakeAllThreads done
Event: 0.670 Executing VM operation: HandshakeAllThreads
Event: 0.670 Executing VM operation: HandshakeAllThreads done
Event: 0.846 Executing VM operation: ICBufferFull
Event: 0.847 Executing VM operation: ICBufferFull done
Event: 0.993 Executing VM operation: HandshakeAllThreads
Event: 0.993 Executing VM operation: HandshakeAllThreads done
Event: 1.010 Executing VM operation: HandshakeAllThreads
Event: 1.010 Executing VM operation: HandshakeAllThreads done
Event: 1.072 Executing VM operation: HandshakeAllThreads
Event: 1.072 Executing VM operation: HandshakeAllThreads done
Event: 1.143 Executing VM operation: HandshakeAllThreads
Event: 1.143 Executing VM operation: HandshakeAllThreads done
Event: 1.181 Executing VM operation: HandshakeAllThreads
Event: 1.181 Executing VM operation: HandshakeAllThreads done
Event: 1.235 Executing VM operation: G1CollectForAllocation
Event: 1.249 Executing VM operation: G1CollectForAllocation done
Event: 1.250 Executing VM operation: HandshakeAllThreads
Event: 1.250 Executing VM operation: HandshakeAllThreads done

Events (19 events):
Event: 0.038 Thread 0x000001d47f70fb40 Thread added: 0x000001d47f70fb40
Event: 0.084 Thread 0x000001d47fc22b10 Thread added: 0x000001d47fc22b10
Event: 0.087 Thread 0x000001d47fc23f90 Thread added: 0x000001d47fc23f90
Event: 0.087 Thread 0x000001d47fc2a0f0 Thread added: 0x000001d47fc2a0f0
Event: 0.087 Thread 0x000001d47fc2de00 Thread added: 0x000001d47fc2de00
Event: 0.087 Thread 0x000001d47fc32ee0 Thread added: 0x000001d47fc32ee0
Event: 0.087 Thread 0x000001d47fc3b760 Thread added: 0x000001d47fc3b760
Event: 0.087 Thread 0x000001d47fc3cca0 Thread added: 0x000001d47fc3cca0
Event: 0.088 Thread 0x000001d47fc40dd0 Thread added: 0x000001d47fc40dd0
Event: 0.088 Thread 0x000001d47fc4c6c0 Thread added: 0x000001d47fc4c6c0
Event: 0.107 Thread 0x000001d47fbf75c0 Thread added: 0x000001d47fbf75c0
Event: 0.174 Thread 0x000001d41dd076d0 Thread added: 0x000001d41dd076d0
Event: 0.175 Thread 0x000001d41dd09c20 Thread added: 0x000001d41dd09c20
Event: 0.476 Thread 0x000001d4220bda00 Thread added: 0x000001d4220bda00
Event: 0.657 Thread 0x000001d4220bda00 Thread exited: 0x000001d4220bda00
Event: 0.667 Thread 0x000001d4220bda00 Thread added: 0x000001d4220bda00
Event: 0.902 Thread 0x000001d422296e20 Thread added: 0x000001d422296e20
Event: 0.904 Thread 0x000001d422296e20 Thread exited: 0x000001d422296e20
Event: 0.953 Thread 0x000001d422296e20 Thread added: 0x000001d422296e20


Dynamic libraries:
0x00007ff6e9c40000 - 0x00007ff6e9c4e000 	C:\Users\pavlovvy\.jdks\openjdk-19.0.1\bin\java.exe
0x00007ffc738f0000 - 0x00007ffc73ae8000 	C:\Windows\SYSTEM32\ntdll.dll
0x00007ffc72f00000 - 0x00007ffc72fbf000 	C:\Windows\System32\KERNEL32.DLL
0x00007ffc71210000 - 0x00007ffc714e2000 	C:\Windows\System32\KERNELBASE.dll
0x00007ffc71590000 - 0x00007ffc71690000 	C:\Windows\System32\ucrtbase.dll
0x00007ffc65420000 - 0x00007ffc6543b000 	C:\Users\pavlovvy\.jdks\openjdk-19.0.1\bin\VCRUNTIME140.dll
0x00007ffc653c0000 - 0x00007ffc653d7000 	C:\Users\pavlovvy\.jdks\openjdk-19.0.1\bin\jli.dll
0x00007ffc73070000 - 0x00007ffc7320d000 	C:\Windows\System32\USER32.dll
0x00007ffc70ff0000 - 0x00007ffc71012000 	C:\Windows\System32\win32u.dll
0x00007ffc72dd0000 - 0x00007ffc72dfb000 	C:\Windows\System32\GDI32.dll
0x00007ffc71100000 - 0x00007ffc7120f000 	C:\Windows\System32\gdi32full.dll
0x00007ffc71690000 - 0x00007ffc7172d000 	C:\Windows\System32\msvcp_win.dll
0x00007ffc5a5c0000 - 0x00007ffc5a85a000 	C:\Windows\WinSxS\amd64_microsoft.windows.common-controls_6595b64144ccf1df_6.0.19041.1110_none_60b5254171f9507e\COMCTL32.dll
0x00007ffc72e00000 - 0x00007ffc72e9e000 	C:\Windows\System32\msvcrt.dll
0x00007ffc73870000 - 0x00007ffc738a2000 	C:\Windows\System32\IMM32.DLL
0x00007ffc675c0000 - 0x00007ffc6772b000 	C:\Windows\system32\tmumh\20019\AddOn\8.55.0.1129\TmUmEvt64.dll
0x00007ffc72cd0000 - 0x00007ffc72cd8000 	C:\Windows\System32\PSAPI.DLL
0x00007ffc737c0000 - 0x00007ffc7386e000 	C:\Windows\System32\ADVAPI32.dll
0x00007ffc72fc0000 - 0x00007ffc7305c000 	C:\Windows\System32\sechost.dll
0x00007ffc73690000 - 0x00007ffc737b5000 	C:\Windows\System32\RPCRT4.dll
0x0000000061290000 - 0x0000000061403000 	C:\Windows\system32\tmumh\20019\TmMon\2.9.0.1043\tmmon64.dll
0x00007ffc66310000 - 0x00007ffc6631c000 	C:\Users\pavlovvy\.jdks\openjdk-19.0.1\bin\vcruntime140_1.dll
0x00007ffc4a900000 - 0x00007ffc4a98e000 	C:\Users\pavlovvy\.jdks\openjdk-19.0.1\bin\msvcp140.dll
0x00007ffc17a20000 - 0x00007ffc186e0000 	C:\Users\pavlovvy\.jdks\openjdk-19.0.1\bin\server\jvm.dll
0x00007ffc52000000 - 0x00007ffc52009000 	C:\Windows\SYSTEM32\WSOCK32.dll
0x00007ffc73210000 - 0x00007ffc7327b000 	C:\Windows\System32\WS2_32.dll
0x00007ffc59cb0000 - 0x00007ffc59cd7000 	C:\Windows\SYSTEM32\WINMM.dll
0x00007ffc5e390000 - 0x00007ffc5e39a000 	C:\Windows\SYSTEM32\VERSION.dll
0x000001d47eaf0000 - 0x000001d47eaf3000 	C:\Windows\system32\Sfc.dll
0x00007ffc4a7d0000 - 0x00007ffc4a7e2000 	C:\Windows\SYSTEM32\sfc_os.DLL
0x00007ffc72240000 - 0x00007ffc726a8000 	C:\Windows\System32\SETUPAPI.dll
0x00007ffc710b0000 - 0x00007ffc710fe000 	C:\Windows\System32\cfgmgr32.dll
0x00007ffc714f0000 - 0x00007ffc71517000 	C:\Windows\System32\bcrypt.dll
0x00007ffc6f850000 - 0x00007ffc6f862000 	C:\Windows\SYSTEM32\kernel.appcore.dll
0x00007ffc662d0000 - 0x00007ffc662da000 	C:\Users\pavlovvy\.jdks\openjdk-19.0.1\bin\jimage.dll
0x00007ffc6eac0000 - 0x00007ffc6eca4000 	C:\Windows\SYSTEM32\DBGHELP.DLL
0x00007ffc56610000 - 0x00007ffc5663c000 	C:\Windows\SYSTEM32\dbgcore.DLL
0x00007ffc71020000 - 0x00007ffc710a2000 	C:\Windows\System32\bcryptPrimitives.dll
0x00007ffc67750000 - 0x00007ffc6775e000 	C:\Users\pavlovvy\.jdks\openjdk-19.0.1\bin\instrument.dll
0x00007ffc60ed0000 - 0x00007ffc60ef6000 	C:\Users\pavlovvy\.jdks\openjdk-19.0.1\bin\java.dll
0x00007ffc3cf10000 - 0x00007ffc3cfe7000 	C:\Users\pavlovvy\.jdks\openjdk-19.0.1\bin\jsvml.dll
0x00007ffc719c0000 - 0x00007ffc72103000 	C:\Windows\System32\SHELL32.dll
0x00007ffc6eef0000 - 0x00007ffc6f682000 	C:\Windows\SYSTEM32\windows.storage.dll
0x00007ffc72710000 - 0x00007ffc72a64000 	C:\Windows\System32\combase.dll
0x00007ffc70a50000 - 0x00007ffc70a80000 	C:\Windows\SYSTEM32\Wldp.dll
0x00007ffc734c0000 - 0x00007ffc7356d000 	C:\Windows\System32\SHCORE.dll
0x00007ffc726b0000 - 0x00007ffc72705000 	C:\Windows\System32\shlwapi.dll
0x00007ffc70f30000 - 0x00007ffc70f4f000 	C:\Windows\SYSTEM32\profapi.dll
0x00007ffc5a8e0000 - 0x00007ffc5a8f8000 	C:\Users\pavlovvy\.jdks\openjdk-19.0.1\bin\zip.dll
0x00007ffc60e20000 - 0x00007ffc60e33000 	C:\Users\pavlovvy\.jdks\openjdk-19.0.1\bin\net.dll
0x00007ffc6ffe0000 - 0x00007ffc700ec000 	C:\Windows\SYSTEM32\WINHTTP.dll
0x00007ffc707b0000 - 0x00007ffc7081a000 	C:\Windows\system32\mswsock.dll
0x00007ffc5e4d0000 - 0x00007ffc5e4e6000 	C:\Users\pavlovvy\.jdks\openjdk-19.0.1\bin\nio.dll
0x00007ffc57d60000 - 0x00007ffc57d7a000 	C:\Users\pavlovvy\AppData\Local\JetBrains\IntelliJ IDEA Community Edition 2022.2.3\bin\breakgen64.dll
0x00007ffc65400000 - 0x00007ffc65408000 	C:\Users\pavlovvy\.jdks\openjdk-19.0.1\bin\extnet.dll
0x00007ffc709a0000 - 0x00007ffc709b8000 	C:\Windows\SYSTEM32\CRYPTSP.dll
0x00007ffc6ff50000 - 0x00007ffc6ff84000 	C:\Windows\system32\rsaenh.dll
0x00007ffc70ef0000 - 0x00007ffc70f1e000 	C:\Windows\SYSTEM32\USERENV.dll
0x00007ffc709c0000 - 0x00007ffc709cc000 	C:\Windows\SYSTEM32\CRYPTBASE.dll
0x00007ffc70450000 - 0x00007ffc7048b000 	C:\Windows\SYSTEM32\IPHLPAPI.DLL
0x00007ffc732e0000 - 0x00007ffc732e8000 	C:\Windows\System32\NSI.dll
0x00007ffc66e50000 - 0x00007ffc66e67000 	C:\Windows\SYSTEM32\dhcpcsvc6.DLL
0x00007ffc66c40000 - 0x00007ffc66c5d000 	C:\Windows\SYSTEM32\dhcpcsvc.DLL
0x00007ffc704a0000 - 0x00007ffc7056a000 	C:\Windows\SYSTEM32\DNSAPI.dll
0x00007ffc5a120000 - 0x00007ffc5a12e000 	C:\Users\pavlovvy\.jdks\openjdk-19.0.1\bin\sunmscapi.dll
0x00007ffc71730000 - 0x00007ffc71886000 	C:\Windows\System32\CRYPT32.dll
0x00007ffc70ac0000 - 0x00007ffc70ae7000 	C:\Windows\SYSTEM32\ncrypt.dll
0x00007ffc70a80000 - 0x00007ffc70abb000 	C:\Windows\SYSTEM32\NTASN1.dll
0x00007ffc65c70000 - 0x00007ffc65c7a000 	C:\Windows\System32\rasadhlp.dll
0x00007ffc67420000 - 0x00007ffc674a0000 	C:\Windows\System32\fwpuclnt.dll

dbghelp: loaded successfully - version: 4.0.5 - missing functions: none
symbol engine: initialized successfully - sym options: 0x614 - pdb path: .;C:\Users\pavlovvy\.jdks\openjdk-19.0.1\bin;C:\Windows\SYSTEM32;C:\Windows\WinSxS\amd64_microsoft.windows.common-controls_6595b64144ccf1df_6.0.19041.1110_none_60b5254171f9507e;C:\Windows\system32\tmumh\20019\AddOn\8.55.0.1129;C:\Windows\system32\tmumh\20019\TmMon\2.9.0.1043;C:\Users\pavlovvy\.jdks\openjdk-19.0.1\bin\server;C:\Users\pavlovvy\AppData\Local\JetBrains\IntelliJ IDEA Community Edition 2022.2.3\bin

VM Arguments:
jvm_args: -javaagent:C:\Users\pavlovvy\AppData\Local\JetBrains\IntelliJ IDEA Community Edition 2022.2.3\lib\idea_rt.jar=65467:C:\Users\pavlovvy\AppData\Local\JetBrains\IntelliJ IDEA Community Edition 2022.2.3\bin -Dfile.encoding=UTF-8 -Dsun.stdout.encoding=UTF-8 -Dsun.stderr.encoding=UTF-8 
java_command: org.example.Main
java_class_path (initial): C:\work\Programming\lesson_11_2022_11_21\VP_dz23.11.2022\target\classes;C:\Users\pavlovvy\.m2\repository\org\jsoup\jsoup\1.15.3\jsoup-1.15.3.jar
Launcher Type: SUN_STANDARD

[Global flags]
     intx CICompilerCount                          = 4                                         {product} {ergonomic}
     uint ConcGCThreads                            = 2                                         {product} {ergonomic}
     uint G1ConcRefinementThreads                  = 8                                         {product} {ergonomic}
   size_t G1HeapRegionSize                         = 1048576                                   {product} {ergonomic}
    uintx GCDrainStackTargetSize                   = 64                                        {product} {ergonomic}
   size_t InitialHeapSize                          = 125829120                                 {product} {ergonomic}
   size_t MarkStackSize                            = 4194304                                   {product} {ergonomic}
   size_t MaxHeapSize                              = 1986002944                                {product} {ergonomic}
   size_t MaxNewSize                               = 1191182336                                {product} {ergonomic}
   size_t MinHeapDeltaBytes                        = 1048576                                   {product} {ergonomic}
   size_t MinHeapSize                              = 8388608                                   {product} {ergonomic}
    uintx NonNMethodCodeHeapSize                   = 5839372                                {pd product} {ergonomic}
    uintx NonProfiledCodeHeapSize                  = 122909434                              {pd product} {ergonomic}
    uintx ProfiledCodeHeapSize                     = 122909434                              {pd product} {ergonomic}
    uintx ReservedCodeCacheSize                    = 251658240                              {pd product} {ergonomic}
     bool SegmentedCodeCache                       = true                                      {product} {ergonomic}
   size_t SoftMaxHeapSize                          = 1986002944                             {manageable} {ergonomic}
     bool UseCompressedClassPointers               = true                           {product lp64_product} {ergonomic}
     bool UseCompressedOops                        = true                           {product lp64_product} {ergonomic}
     bool UseG1GC                                  = true                                      {product} {ergonomic}
     bool UseLargePagesIndividualAllocation        = false                                  {pd product} {ergonomic}

Logging:
Log output configuration:
 #0: stdout all=warning uptime,level,tags foldmultilines=false
 #1: stderr all=off uptime,level,tags foldmultilines=false

Environment Variables:
PATH=C:\Windows\system32;C:\Windows;C:\Windows\System32\Wbem;C:\Windows\System32\WindowsPowerShell\v1.0\;C:\Windows\System32\OpenSSH\;C:\Users\pavlovvy\AppData\Local\Microsoft\WindowsApps;C:\Users\pavlovvy\AppData\Local\JetBrains\IntelliJ IDEA Community Edition 2022.2.3\bin;;C:\Users\pavlovvy\AppData\Local\GitHubDesktop\bin;C:\Users\pavlovvy\AppData\Local\Programs\Git\cmd
USERNAME=pavlovvy
OS=Windows_NT
PROCESSOR_IDENTIFIER=Intel64 Family 6 Model 140 Stepping 1, GenuineIntel
TMP=C:\Users\pavlovvy\AppData\Local\Temp
TEMP=C:\Users\pavlovvy\AppData\Local\Temp



---------------  S Y S T E M  ---------------

OS:
 Windows 10 , 64 bit Build 19041 (10.0.19041.2251)
OS uptime: 2 days 0:17 hours

CPU: total 8 (initial active 8) (4 cores per cpu, 2 threads per core) family 6 model 140 stepping 1 microcode 0x86, cx8, cmov, fxsr, ht, mmx, 3dnowpref, sse, sse2, sse3, ssse3, sse4.1, sse4.2, popcnt, lzcnt, tsc, tscinvbit, avx, avx2, aes, erms, clmul, bmi1, bmi2, adx, avx512f, avx512dq, avx512cd, avx512bw, avx512vl, sha, fma, vzeroupper, avx512_vpopcntdq, avx512_vpclmulqdq, avx512_vaes, avx512_vnni, clflush, clflushopt, clwb, avx512_vbmi2, avx512_vbmi, rdtscp, rdpid, fsrm, gfni, avx512_bitalg

Memory: 4k page, system-wide physical 7569M (382M free)
TotalPageFile size 15761M (AvailPageFile size 3M)
current process WorkingSet (physical memory assigned to process): 114M, peak: 114M
current process commit charge ("private bytes"): 231M, peak: 232M

vm_info: OpenJDK 64-Bit Server VM (19.0.1+10-21) for windows-amd64 JRE (19.0.1+10-21), built on 2022-09-14T12:45:06Z by "mach5one" with MS VC++ 17.1 (VS2022)

END.
