#
# There is insufficient memory for the Java Runtime Environment to continue.
# Native memory allocation (malloc) failed to allocate 32744 bytes for Chunk::new
# Possible reasons:
#   The system is out of physical RAM or swap space
#   The process is running with CompressedOops enabled, and the Java Heap may be blocking the growth of the native heap
# Possible solutions:
#   Reduce memory load on the system
#   Increase physical memory or swap space
#   Check if swap backing store is full
#   Decrease Java heap size (-Xmx/-Xms)
#   Decrease number of Java threads
#   Decrease Java thread stack sizes (-Xss)
#   Set larger code cache with -XX:ReservedCodeCacheSize=
#   JVM is running with Unscaled Compressed Oops mode in which the Java heap is
#     placed in the first 4GB address space. The Java Heap base address is the
#     maximum limit for the native heap growth. Please use -XX:HeapBaseMinAddress
#     to set the Java Heap base and to place the Java Heap above 4GB virtual address.
# This output file may be truncated or incomplete.
#
#  Out of Memory Error (arena.cpp:184), pid=19868, tid=23008
#
# JRE version: OpenJDK Runtime Environment (19.0.1+10) (build 19.0.1+10-21)
# Java VM: OpenJDK 64-Bit Server VM (19.0.1+10-21, mixed mode, sharing, tiered, compressed oops, compressed class ptrs, g1 gc, windows-amd64)
# No core dump will be written. Minidumps are not enabled by default on client versions of Windows
#

---------------  S U M M A R Y ------------

Command Line: -javaagent:C:\Users\pavlovvy\AppData\Local\JetBrains\IntelliJ IDEA Community Edition 2022.2.3\lib\idea_rt.jar=50620:C:\Users\pavlovvy\AppData\Local\JetBrains\IntelliJ IDEA Community Edition 2022.2.3\bin -Dfile.encoding=UTF-8 -Dsun.stdout.encoding=UTF-8 -Dsun.stderr.encoding=UTF-8 org.example.Main

Host: 11th Gen Intel(R) Core(TM) i5-1145G7 @ 2.60GHz, 8 cores, 7G,  Windows 10 , 64 bit Build 19041 (10.0.19041.2251)
Time: Fri Nov 25 17:52:52 2022 RTZ 2 (s 10 , 64 bit Build 19041 (10.0.19041.2251) elapsed time: 0.221842 seconds (0d 0h 0m 0s)

---------------  T H R E A D  ---------------

Current thread (0x000001d3d312d040):  JavaThread "C2 CompilerThread0" daemon [_thread_in_native, id=23008, stack(0x0000003adcb00000,0x0000003adcc00000)]


Current CompileTask:
C2:    221  426       4       java.lang.StringLatin1::toUpperCase (186 bytes)

Stack: [0x0000003adcb00000,0x0000003adcc00000]
Native frames: (J=compiled Java code, j=interpreted, Vv=VM code, C=native code)
V  [jvm.dll+0x6ee8fa]
V  [jvm.dll+0x857a1e]
V  [jvm.dll+0x85940e]
V  [jvm.dll+0x859ac3]
V  [jvm.dll+0x28291f]
V  [jvm.dll+0xc9b5f]
V  [jvm.dll+0xc9ee5]
V  [jvm.dll+0x6cba4a]
V  [jvm.dll+0x68111b]
V  [jvm.dll+0x67f594]
V  [jvm.dll+0x24c14e]
V  [jvm.dll+0x24b671]
V  [jvm.dll+0x1d6d61]
V  [jvm.dll+0x25b0fa]
V  [jvm.dll+0x259588]
V  [jvm.dll+0x807928]
V  [jvm.dll+0x8015fa]
V  [jvm.dll+0x6ed5eb]
C  [ucrtbase.dll+0x21bb2]
C  [KERNEL32.DLL+0x174b4]
C  [ntdll.dll+0x526a1]


---------------  P R O C E S S  ---------------

Threads class SMR info:
_java_thread_list=0x000001d3f1d3ea50, length=13, elements={
0x000001d3d380f6b0, 0x000001d3d3117cf0, 0x000001d3d311b180, 0x000001d3d311eec0,
0x000001d3d311f8e0, 0x000001d3d3124bf0, 0x000001d3d3125ef0, 0x000001d3d312d040,
0x000001d3d3138f70, 0x000001d3d31430c0, 0x000001d3d30ec920, 0x000001d3f1dd08c0,
0x000001d3f1dd0e00
}

Java Threads: ( => current thread )
  0x000001d3d380f6b0 JavaThread "main" [_thread_in_vm, id=26608, stack(0x0000003adbe00000,0x0000003adbf00000)]
  0x000001d3d3117cf0 JavaThread "Reference Handler" daemon [_thread_blocked, id=25492, stack(0x0000003adc500000,0x0000003adc600000)]
  0x000001d3d311b180 JavaThread "Finalizer" daemon [_thread_blocked, id=27860, stack(0x0000003adc600000,0x0000003adc700000)]
  0x000001d3d311eec0 JavaThread "Signal Dispatcher" daemon [_thread_blocked, id=1000, stack(0x0000003adc700000,0x0000003adc800000)]
  0x000001d3d311f8e0 JavaThread "Attach Listener" daemon [_thread_blocked, id=24760, stack(0x0000003adc800000,0x0000003adc900000)]
  0x000001d3d3124bf0 JavaThread "Service Thread" daemon [_thread_blocked, id=22344, stack(0x0000003adc900000,0x0000003adca00000)]
  0x000001d3d3125ef0 JavaThread "Monitor Deflation Thread" daemon [_thread_blocked, id=18256, stack(0x0000003adca00000,0x0000003adcb00000)]
=>0x000001d3d312d040 JavaThread "C2 CompilerThread0" daemon [_thread_in_native, id=23008, stack(0x0000003adcb00000,0x0000003adcc00000)]
  0x000001d3d3138f70 JavaThread "C1 CompilerThread0" daemon [_thread_blocked, id=10744, stack(0x0000003adcc00000,0x0000003adcd00000)]
  0x000001d3d31430c0 JavaThread "Sweeper thread" daemon [_thread_blocked, id=15840, stack(0x0000003adcd00000,0x0000003adce00000)]
  0x000001d3d30ec920 JavaThread "Common-Cleaner" daemon [_thread_blocked, id=22728, stack(0x0000003adce00000,0x0000003adcf00000)]
  0x000001d3f1dd08c0 JavaThread "Monitor Ctrl-Break" daemon [_thread_in_native, id=15420, stack(0x0000003adcf00000,0x0000003add000000)]
  0x000001d3f1dd0e00 JavaThread "Notification Thread" daemon [_thread_blocked, id=3640, stack(0x0000003add000000,0x0000003add100000)]

Other Threads:
  0x000001d3d30feb60 VMThread "VM Thread" [stack: 0x0000003adc400000,0x0000003adc500000] [id=12876]
  0x000001d3d0c494c0 WatcherThread "VM Periodic Task Thread" [stack: 0x0000003add100000,0x0000003add200000] [id=23520]
  0x000001d3d2f8f930 WorkerThread "GC Thread#0" [stack: 0x0000003adbf00000,0x0000003adc000000] [id=22948]
  0x000001d3d384e090 ConcurrentGCThread "G1 Main Marker" [stack: 0x0000003adc000000,0x0000003adc100000] [id=16972]
  0x000001d3d2fa2650 WorkerThread "G1 Conc#0" [stack: 0x0000003adc100000,0x0000003adc200000] [id=21544]
  0x000001d3d3035cc0 ConcurrentGCThread "G1 Refine#0" [stack: 0x0000003adc200000,0x0000003adc300000] [id=11976]
  0x000001d3d3036800 ConcurrentGCThread "G1 Service" [stack: 0x0000003adc300000,0x0000003adc400000] [id=25832]

Threads with active compile tasks:
C2 CompilerThread0      523  426       4       java.lang.StringLatin1::toUpperCase (186 bytes)

VM state: not at safepoint (normal execution)

VM Mutex/Monitor currently owned by a thread:  ([mutex/lock_event])
[0x000001d3d0bfed10] Metaspace_lock - owner thread: 0x000001d3d380f6b0

Heap address: 0x0000000089a00000, size: 1894 MB, Compressed Oops mode: 32-bit

CDS archive(s) mapped at: [0x0000000800000000-0x0000000800c30000-0x0000000800c30000), size 12779520, SharedBaseAddress: 0x0000000800000000, ArchiveRelocationMode: 0.
Compressed class space mapped at: 0x0000000801000000-0x0000000841000000, reserved size: 1073741824
Narrow klass base: 0x0000000800000000, Narrow klass shift: 0, Narrow klass range: 0x100000000

GC Precious Log:
 CardTable entry size: 512
 Card Set container configuration: InlinePtr #cards 5 size 8 Array Of Cards #cards 12 size 40 Howl #buckets 4 coarsen threshold 1843 Howl Bitmap #cards 512 size 80 coarsen threshold 460 Card regions per heap region 1 cards per card region 2048
 CPUs: 8 total, 8 available
 Memory: 7569M
 Large Page Support: Disabled
 NUMA Support: Disabled
 Compressed Oops: Enabled (32-bit)
 Heap Region Size: 1M
 Heap Min Capacity: 8M
 Heap Initial Capacity: 120M
 Heap Max Capacity: 1894M
 Pre-touch: Disabled
 Parallel Workers: 8
 Concurrent Workers: 2
 Concurrent Refinement Workers: 8
 Periodic GC: Disabled

Heap:
 garbage-first heap   total 122880K, used 5120K [0x0000000089a00000, 0x0000000100000000)
  region size 1024K, 6 young (6144K), 0 survivors (0K)
 Metaspace       used 3142K, committed 3264K, reserved 1114112K
  class space    used 303K, committed 384K, reserved 1048576K

Heap Regions: E=young(eden), S=young(survivor), O=old, HS=humongous(starts), HC=humongous(continues), CS=collection set, F=free, OA=open archive, CA=closed archive, TAMS=top-at-mark-start (previous, next)
|   0|0x0000000089a00000, 0x0000000089a00000, 0x0000000089b00000|  0%| F|  |TAMS 0x0000000089a00000, 0x0000000089a00000| Untracked 
|   1|0x0000000089b00000, 0x0000000089b00000, 0x0000000089c00000|  0%| F|  |TAMS 0x0000000089b00000, 0x0000000089b00000| Untracked 
|   2|0x0000000089c00000, 0x0000000089c00000, 0x0000000089d00000|  0%| F|  |TAMS 0x0000000089c00000, 0x0000000089c00000| Untracked 
|   3|0x0000000089d00000, 0x0000000089d00000, 0x0000000089e00000|  0%| F|  |TAMS 0x0000000089d00000, 0x0000000089d00000| Untracked 
|   4|0x0000000089e00000, 0x0000000089e00000, 0x0000000089f00000|  0%| F|  |TAMS 0x0000000089e00000, 0x0000000089e00000| Untracked 
|   5|0x0000000089f00000, 0x0000000089f00000, 0x000000008a000000|  0%| F|  |TAMS 0x0000000089f00000, 0x0000000089f00000| Untracked 
|   6|0x000000008a000000, 0x000000008a000000, 0x000000008a100000|  0%| F|  |TAMS 0x000000008a000000, 0x000000008a000000| Untracked 
|   7|0x000000008a100000, 0x000000008a100000, 0x000000008a200000|  0%| F|  |TAMS 0x000000008a100000, 0x000000008a100000| Untracked 
|   8|0x000000008a200000, 0x000000008a200000, 0x000000008a300000|  0%| F|  |TAMS 0x000000008a200000, 0x000000008a200000| Untracked 
|   9|0x000000008a300000, 0x000000008a300000, 0x000000008a400000|  0%| F|  |TAMS 0x000000008a300000, 0x000000008a300000| Untracked 
|  10|0x000000008a400000, 0x000000008a400000, 0x000000008a500000|  0%| F|  |TAMS 0x000000008a400000, 0x000000008a400000| Untracked 
|  11|0x000000008a500000, 0x000000008a500000, 0x000000008a600000|  0%| F|  |TAMS 0x000000008a500000, 0x000000008a500000| Untracked 
|  12|0x000000008a600000, 0x000000008a600000, 0x000000008a700000|  0%| F|  |TAMS 0x000000008a600000, 0x000000008a600000| Untracked 
|  13|0x000000008a700000, 0x000000008a700000, 0x000000008a800000|  0%| F|  |TAMS 0x000000008a700000, 0x000000008a700000| Untracked 
|  14|0x000000008a800000, 0x000000008a800000, 0x000000008a900000|  0%| F|  |TAMS 0x000000008a800000, 0x000000008a800000| Untracked 
|  15|0x000000008a900000, 0x000000008a900000, 0x000000008aa00000|  0%| F|  |TAMS 0x000000008a900000, 0x000000008a900000| Untracked 
|  16|0x000000008aa00000, 0x000000008aa00000, 0x000000008ab00000|  0%| F|  |TAMS 0x000000008aa00000, 0x000000008aa00000| Untracked 
|  17|0x000000008ab00000, 0x000000008ab00000, 0x000000008ac00000|  0%| F|  |TAMS 0x000000008ab00000, 0x000000008ab00000| Untracked 
|  18|0x000000008ac00000, 0x000000008ac00000, 0x000000008ad00000|  0%| F|  |TAMS 0x000000008ac00000, 0x000000008ac00000| Untracked 
|  19|0x000000008ad00000, 0x000000008ad00000, 0x000000008ae00000|  0%| F|  |TAMS 0x000000008ad00000, 0x000000008ad00000| Untracked 
|  20|0x000000008ae00000, 0x000000008ae00000, 0x000000008af00000|  0%| F|  |TAMS 0x000000008ae00000, 0x000000008ae00000| Untracked 
|  21|0x000000008af00000, 0x000000008af00000, 0x000000008b000000|  0%| F|  |TAMS 0x000000008af00000, 0x000000008af00000| Untracked 
|  22|0x000000008b000000, 0x000000008b000000, 0x000000008b100000|  0%| F|  |TAMS 0x000000008b000000, 0x000000008b000000| Untracked 
|  23|0x000000008b100000, 0x000000008b100000, 0x000000008b200000|  0%| F|  |TAMS 0x000000008b100000, 0x000000008b100000| Untracked 
|  24|0x000000008b200000, 0x000000008b200000, 0x000000008b300000|  0%| F|  |TAMS 0x000000008b200000, 0x000000008b200000| Untracked 
|  25|0x000000008b300000, 0x000000008b300000, 0x000000008b400000|  0%| F|  |TAMS 0x000000008b300000, 0x000000008b300000| Untracked 
|  26|0x000000008b400000, 0x000000008b400000, 0x000000008b500000|  0%| F|  |TAMS 0x000000008b400000, 0x000000008b400000| Untracked 
|  27|0x000000008b500000, 0x000000008b500000, 0x000000008b600000|  0%| F|  |TAMS 0x000000008b500000, 0x000000008b500000| Untracked 
|  28|0x000000008b600000, 0x000000008b600000, 0x000000008b700000|  0%| F|  |TAMS 0x000000008b600000, 0x000000008b600000| Untracked 
|  29|0x000000008b700000, 0x000000008b700000, 0x000000008b800000|  0%| F|  |TAMS 0x000000008b700000, 0x000000008b700000| Untracked 
|  30|0x000000008b800000, 0x000000008b800000, 0x000000008b900000|  0%| F|  |TAMS 0x000000008b800000, 0x000000008b800000| Untracked 
|  31|0x000000008b900000, 0x000000008b900000, 0x000000008ba00000|  0%| F|  |TAMS 0x000000008b900000, 0x000000008b900000| Untracked 
|  32|0x000000008ba00000, 0x000000008ba00000, 0x000000008bb00000|  0%| F|  |TAMS 0x000000008ba00000, 0x000000008ba00000| Untracked 
|  33|0x000000008bb00000, 0x000000008bb00000, 0x000000008bc00000|  0%| F|  |TAMS 0x000000008bb00000, 0x000000008bb00000| Untracked 
|  34|0x000000008bc00000, 0x000000008bc00000, 0x000000008bd00000|  0%| F|  |TAMS 0x000000008bc00000, 0x000000008bc00000| Untracked 
|  35|0x000000008bd00000, 0x000000008bd00000, 0x000000008be00000|  0%| F|  |TAMS 0x000000008bd00000, 0x000000008bd00000| Untracked 
|  36|0x000000008be00000, 0x000000008be00000, 0x000000008bf00000|  0%| F|  |TAMS 0x000000008be00000, 0x000000008be00000| Untracked 
|  37|0x000000008bf00000, 0x000000008bf00000, 0x000000008c000000|  0%| F|  |TAMS 0x000000008bf00000, 0x000000008bf00000| Untracked 
|  38|0x000000008c000000, 0x000000008c000000, 0x000000008c100000|  0%| F|  |TAMS 0x000000008c000000, 0x000000008c000000| Untracked 
|  39|0x000000008c100000, 0x000000008c100000, 0x000000008c200000|  0%| F|  |TAMS 0x000000008c100000, 0x000000008c100000| Untracked 
|  40|0x000000008c200000, 0x000000008c200000, 0x000000008c300000|  0%| F|  |TAMS 0x000000008c200000, 0x000000008c200000| Untracked 
|  41|0x000000008c300000, 0x000000008c300000, 0x000000008c400000|  0%| F|  |TAMS 0x000000008c300000, 0x000000008c300000| Untracked 
|  42|0x000000008c400000, 0x000000008c400000, 0x000000008c500000|  0%| F|  |TAMS 0x000000008c400000, 0x000000008c400000| Untracked 
|  43|0x000000008c500000, 0x000000008c500000, 0x000000008c600000|  0%| F|  |TAMS 0x000000008c500000, 0x000000008c500000| Untracked 
|  44|0x000000008c600000, 0x000000008c600000, 0x000000008c700000|  0%| F|  |TAMS 0x000000008c600000, 0x000000008c600000| Untracked 
|  45|0x000000008c700000, 0x000000008c700000, 0x000000008c800000|  0%| F|  |TAMS 0x000000008c700000, 0x000000008c700000| Untracked 
|  46|0x000000008c800000, 0x000000008c800000, 0x000000008c900000|  0%| F|  |TAMS 0x000000008c800000, 0x000000008c800000| Untracked 
|  47|0x000000008c900000, 0x000000008c900000, 0x000000008ca00000|  0%| F|  |TAMS 0x000000008c900000, 0x000000008c900000| Untracked 
|  48|0x000000008ca00000, 0x000000008ca00000, 0x000000008cb00000|  0%| F|  |TAMS 0x000000008ca00000, 0x000000008ca00000| Untracked 
|  49|0x000000008cb00000, 0x000000008cb00000, 0x000000008cc00000|  0%| F|  |TAMS 0x000000008cb00000, 0x000000008cb00000| Untracked 
|  50|0x000000008cc00000, 0x000000008cc00000, 0x000000008cd00000|  0%| F|  |TAMS 0x000000008cc00000, 0x000000008cc00000| Untracked 
|  51|0x000000008cd00000, 0x000000008cd00000, 0x000000008ce00000|  0%| F|  |TAMS 0x000000008cd00000, 0x000000008cd00000| Untracked 
|  52|0x000000008ce00000, 0x000000008ce00000, 0x000000008cf00000|  0%| F|  |TAMS 0x000000008ce00000, 0x000000008ce00000| Untracked 
|  53|0x000000008cf00000, 0x000000008cf00000, 0x000000008d000000|  0%| F|  |TAMS 0x000000008cf00000, 0x000000008cf00000| Untracked 
|  54|0x000000008d000000, 0x000000008d000000, 0x000000008d100000|  0%| F|  |TAMS 0x000000008d000000, 0x000000008d000000| Untracked 
|  55|0x000000008d100000, 0x000000008d100000, 0x000000008d200000|  0%| F|  |TAMS 0x000000008d100000, 0x000000008d100000| Untracked 
|  56|0x000000008d200000, 0x000000008d200000, 0x000000008d300000|  0%| F|  |TAMS 0x000000008d200000, 0x000000008d200000| Untracked 
|  57|0x000000008d300000, 0x000000008d300000, 0x000000008d400000|  0%| F|  |TAMS 0x000000008d300000, 0x000000008d300000| Untracked 
|  58|0x000000008d400000, 0x000000008d400000, 0x000000008d500000|  0%| F|  |TAMS 0x000000008d400000, 0x000000008d400000| Untracked 
|  59|0x000000008d500000, 0x000000008d500000, 0x000000008d600000|  0%| F|  |TAMS 0x000000008d500000, 0x000000008d500000| Untracked 
|  60|0x000000008d600000, 0x000000008d600000, 0x000000008d700000|  0%| F|  |TAMS 0x000000008d600000, 0x000000008d600000| Untracked 
|  61|0x000000008d700000, 0x000000008d700000, 0x000000008d800000|  0%| F|  |TAMS 0x000000008d700000, 0x000000008d700000| Untracked 
|  62|0x000000008d800000, 0x000000008d800000, 0x000000008d900000|  0%| F|  |TAMS 0x000000008d800000, 0x000000008d800000| Untracked 
|  63|0x000000008d900000, 0x000000008d900000, 0x000000008da00000|  0%| F|  |TAMS 0x000000008d900000, 0x000000008d900000| Untracked 
|  64|0x000000008da00000, 0x000000008da00000, 0x000000008db00000|  0%| F|  |TAMS 0x000000008da00000, 0x000000008da00000| Untracked 
|  65|0x000000008db00000, 0x000000008db00000, 0x000000008dc00000|  0%| F|  |TAMS 0x000000008db00000, 0x000000008db00000| Untracked 
|  66|0x000000008dc00000, 0x000000008dc00000, 0x000000008dd00000|  0%| F|  |TAMS 0x000000008dc00000, 0x000000008dc00000| Untracked 
|  67|0x000000008dd00000, 0x000000008dd00000, 0x000000008de00000|  0%| F|  |TAMS 0x000000008dd00000, 0x000000008dd00000| Untracked 
|  68|0x000000008de00000, 0x000000008de00000, 0x000000008df00000|  0%| F|  |TAMS 0x000000008de00000, 0x000000008de00000| Untracked 
|  69|0x000000008df00000, 0x000000008df00000, 0x000000008e000000|  0%| F|  |TAMS 0x000000008df00000, 0x000000008df00000| Untracked 
|  70|0x000000008e000000, 0x000000008e000000, 0x000000008e100000|  0%| F|  |TAMS 0x000000008e000000, 0x000000008e000000| Untracked 
|  71|0x000000008e100000, 0x000000008e100000, 0x000000008e200000|  0%| F|  |TAMS 0x000000008e100000, 0x000000008e100000| Untracked 
|  72|0x000000008e200000, 0x000000008e200000, 0x000000008e300000|  0%| F|  |TAMS 0x000000008e200000, 0x000000008e200000| Untracked 
|  73|0x000000008e300000, 0x000000008e300000, 0x000000008e400000|  0%| F|  |TAMS 0x000000008e300000, 0x000000008e300000| Untracked 
|  74|0x000000008e400000, 0x000000008e400000, 0x000000008e500000|  0%| F|  |TAMS 0x000000008e400000, 0x000000008e400000| Untracked 
|  75|0x000000008e500000, 0x000000008e500000, 0x000000008e600000|  0%| F|  |TAMS 0x000000008e500000, 0x000000008e500000| Untracked 
|  76|0x000000008e600000, 0x000000008e600000, 0x000000008e700000|  0%| F|  |TAMS 0x000000008e600000, 0x000000008e600000| Untracked 
|  77|0x000000008e700000, 0x000000008e700000, 0x000000008e800000|  0%| F|  |TAMS 0x000000008e700000, 0x000000008e700000| Untracked 
|  78|0x000000008e800000, 0x000000008e800000, 0x000000008e900000|  0%| F|  |TAMS 0x000000008e800000, 0x000000008e800000| Untracked 
|  79|0x000000008e900000, 0x000000008e900000, 0x000000008ea00000|  0%| F|  |TAMS 0x000000008e900000, 0x000000008e900000| Untracked 
|  80|0x000000008ea00000, 0x000000008ea00000, 0x000000008eb00000|  0%| F|  |TAMS 0x000000008ea00000, 0x000000008ea00000| Untracked 
|  81|0x000000008eb00000, 0x000000008eb00000, 0x000000008ec00000|  0%| F|  |TAMS 0x000000008eb00000, 0x000000008eb00000| Untracked 
|  82|0x000000008ec00000, 0x000000008ec00000, 0x000000008ed00000|  0%| F|  |TAMS 0x000000008ec00000, 0x000000008ec00000| Untracked 
|  83|0x000000008ed00000, 0x000000008ed00000, 0x000000008ee00000|  0%| F|  |TAMS 0x000000008ed00000, 0x000000008ed00000| Untracked 
|  84|0x000000008ee00000, 0x000000008ee00000, 0x000000008ef00000|  0%| F|  |TAMS 0x000000008ee00000, 0x000000008ee00000| Untracked 
|  85|0x000000008ef00000, 0x000000008ef00000, 0x000000008f000000|  0%| F|  |TAMS 0x000000008ef00000, 0x000000008ef00000| Untracked 
|  86|0x000000008f000000, 0x000000008f000000, 0x000000008f100000|  0%| F|  |TAMS 0x000000008f000000, 0x000000008f000000| Untracked 
|  87|0x000000008f100000, 0x000000008f100000, 0x000000008f200000|  0%| F|  |TAMS 0x000000008f100000, 0x000000008f100000| Untracked 
|  88|0x000000008f200000, 0x000000008f200000, 0x000000008f300000|  0%| F|  |TAMS 0x000000008f200000, 0x000000008f200000| Untracked 
|  89|0x000000008f300000, 0x000000008f300000, 0x000000008f400000|  0%| F|  |TAMS 0x000000008f300000, 0x000000008f300000| Untracked 
|  90|0x000000008f400000, 0x000000008f400000, 0x000000008f500000|  0%| F|  |TAMS 0x000000008f400000, 0x000000008f400000| Untracked 
|  91|0x000000008f500000, 0x000000008f500000, 0x000000008f600000|  0%| F|  |TAMS 0x000000008f500000, 0x000000008f500000| Untracked 
|  92|0x000000008f600000, 0x000000008f600000, 0x000000008f700000|  0%| F|  |TAMS 0x000000008f600000, 0x000000008f600000| Untracked 
|  93|0x000000008f700000, 0x000000008f700000, 0x000000008f800000|  0%| F|  |TAMS 0x000000008f700000, 0x000000008f700000| Untracked 
|  94|0x000000008f800000, 0x000000008f800000, 0x000000008f900000|  0%| F|  |TAMS 0x000000008f800000, 0x000000008f800000| Untracked 
|  95|0x000000008f900000, 0x000000008f900000, 0x000000008fa00000|  0%| F|  |TAMS 0x000000008f900000, 0x000000008f900000| Untracked 
|  96|0x000000008fa00000, 0x000000008fa00000, 0x000000008fb00000|  0%| F|  |TAMS 0x000000008fa00000, 0x000000008fa00000| Untracked 
|  97|0x000000008fb00000, 0x000000008fb00000, 0x000000008fc00000|  0%| F|  |TAMS 0x000000008fb00000, 0x000000008fb00000| Untracked 
|  98|0x000000008fc00000, 0x000000008fc00000, 0x000000008fd00000|  0%| F|  |TAMS 0x000000008fc00000, 0x000000008fc00000| Untracked 
|  99|0x000000008fd00000, 0x000000008fd00000, 0x000000008fe00000|  0%| F|  |TAMS 0x000000008fd00000, 0x000000008fd00000| Untracked 
| 100|0x000000008fe00000, 0x000000008fe00000, 0x000000008ff00000|  0%| F|  |TAMS 0x000000008fe00000, 0x000000008fe00000| Untracked 
| 101|0x000000008ff00000, 0x000000008ff00000, 0x0000000090000000|  0%| F|  |TAMS 0x000000008ff00000, 0x000000008ff00000| Untracked 
| 102|0x0000000090000000, 0x0000000090000000, 0x0000000090100000|  0%| F|  |TAMS 0x0000000090000000, 0x0000000090000000| Untracked 
| 103|0x0000000090100000, 0x0000000090100000, 0x0000000090200000|  0%| F|  |TAMS 0x0000000090100000, 0x0000000090100000| Untracked 
| 104|0x0000000090200000, 0x0000000090200000, 0x0000000090300000|  0%| F|  |TAMS 0x0000000090200000, 0x0000000090200000| Untracked 
| 105|0x0000000090300000, 0x0000000090300000, 0x0000000090400000|  0%| F|  |TAMS 0x0000000090300000, 0x0000000090300000| Untracked 
| 106|0x0000000090400000, 0x0000000090400000, 0x0000000090500000|  0%| F|  |TAMS 0x0000000090400000, 0x0000000090400000| Untracked 
| 107|0x0000000090500000, 0x0000000090500000, 0x0000000090600000|  0%| F|  |TAMS 0x0000000090500000, 0x0000000090500000| Untracked 
| 108|0x0000000090600000, 0x0000000090600000, 0x0000000090700000|  0%| F|  |TAMS 0x0000000090600000, 0x0000000090600000| Untracked 
| 109|0x0000000090700000, 0x0000000090700000, 0x0000000090800000|  0%| F|  |TAMS 0x0000000090700000, 0x0000000090700000| Untracked 
| 110|0x0000000090800000, 0x0000000090800000, 0x0000000090900000|  0%| F|  |TAMS 0x0000000090800000, 0x0000000090800000| Untracked 
| 111|0x0000000090900000, 0x0000000090900000, 0x0000000090a00000|  0%| F|  |TAMS 0x0000000090900000, 0x0000000090900000| Untracked 
| 112|0x0000000090a00000, 0x0000000090a00000, 0x0000000090b00000|  0%| F|  |TAMS 0x0000000090a00000, 0x0000000090a00000| Untracked 
| 113|0x0000000090b00000, 0x0000000090b00000, 0x0000000090c00000|  0%| F|  |TAMS 0x0000000090b00000, 0x0000000090b00000| Untracked 
| 114|0x0000000090c00000, 0x0000000090cec088, 0x0000000090d00000| 92%| E|  |TAMS 0x0000000090c00000, 0x0000000090c00000| Complete 
| 115|0x0000000090d00000, 0x0000000090e00000, 0x0000000090e00000|100%| E|CS|TAMS 0x0000000090d00000, 0x0000000090d00000| Complete 
| 116|0x0000000090e00000, 0x0000000090f00000, 0x0000000090f00000|100%| E|CS|TAMS 0x0000000090e00000, 0x0000000090e00000| Complete 
| 117|0x0000000090f00000, 0x0000000091000000, 0x0000000091000000|100%| E|CS|TAMS 0x0000000090f00000, 0x0000000090f00000| Complete 
| 118|0x0000000091000000, 0x0000000091100000, 0x0000000091100000|100%| E|CS|TAMS 0x0000000091000000, 0x0000000091000000| Complete 
| 119|0x0000000091100000, 0x0000000091200000, 0x0000000091200000|100%| E|CS|TAMS 0x0000000091100000, 0x0000000091100000| Complete 

Card table byte_map: [0x000001d3eb000000,0x000001d3eb3c0000] _byte_map_base: 0x000001d3eabb3000

Marking Bits (Prev, Next): (CMBitMap*) 0x000001d3d384d790, (CMBitMap*) 0x000001d3d384d7d0
 Prev Bits: [0x000001d3eb780000, 0x000001d3ed518000)
 Next Bits: [0x000001d3ed520000, 0x000001d3ef2b8000)

Polling page: 0x000001d3d2f50000

Metaspace:

Usage:
  Non-class:      2.77 MB used.
      Class:    303.77 KB used.
       Both:      3.07 MB used.

Virtual space:
  Non-class space:       64.00 MB reserved,       2.81 MB (  4%) committed,  1 nodes.
      Class space:        1.00 GB reserved,     384.00 KB ( <1%) committed,  1 nodes.
             Both:        1.06 GB reserved,       3.19 MB ( <1%) committed. 

Chunk freelists:
   Non-Class:  3.48 MB
       Class:  3.67 MB
        Both:  7.16 MB

MaxMetaspaceSize: unlimited
CompressedClassSpaceSize: 1.00 GB
Initial GC threshold: 21.00 MB
Current GC threshold: 21.00 MB
CDS: on
MetaspaceReclaimPolicy: balanced
 - commit_granule_bytes: 65536.
 - commit_granule_words: 8192.
 - virtual_space_node_default_size: 8388608.
 - enlarge_chunks_in_place: 1.
 - new_chunks_are_fully_committed: 0.
 - uncommit_free_chunks: 1.
 - use_allocation_guard: 0.


Internal statistics:

num_allocs_failed_limit: 0.
num_arena_births: 28.
num_arena_deaths: 0.
num_vsnodes_births: 2.
num_vsnodes_deaths: 0.
num_space_committed: 51.
num_space_uncommitted: 0.
num_chunks_returned_to_freelist: 0.
num_chunks_taken_from_freelist: 65.
num_chunk_merges: 0.
num_chunk_splits: 41.
num_chunks_enlarged: 28.
num_inconsistent_stats: 0.

CodeHeap 'non-profiled nmethods': size=120000Kb used=138Kb max_used=138Kb free=119861Kb
 bounds [0x000001d3e31b0000, 0x000001d3e3420000, 0x000001d3ea6e0000]
CodeHeap 'profiled nmethods': size=120000Kb used=607Kb max_used=607Kb free=119392Kb
 bounds [0x000001d3db6e0000, 0x000001d3db950000, 0x000001d3e2c10000]
CodeHeap 'non-nmethods': size=5760Kb used=1249Kb max_used=1258Kb free=4510Kb
 bounds [0x000001d3e2c10000, 0x000001d3e2e80000, 0x000001d3e31b0000]
 total_blobs=890 nmethods=448 adapters=353
 compilation: enabled
              stopped_count=0, restarted_count=0
 full_count=0

Compilation events (20 events):
Event: 0.208 Thread 0x000001d3d3138f70  417       1       java.util.concurrent.locks.AbstractQueuedSynchronizer::setState (6 bytes)
Event: 0.208 Thread 0x000001d3d3138f70 nmethod 417 0x000001d3e31d1410 code [0x000001d3e31d15a0, 0x000001d3e31d1678]
Event: 0.208 Thread 0x000001d3d3138f70  418       1       java.nio.Buffer::position (5 bytes)
Event: 0.208 Thread 0x000001d3d3138f70 nmethod 418 0x000001d3e31d1710 code [0x000001d3e31d18a0, 0x000001d3e31d1958]
Event: 0.210 Thread 0x000001d3d3138f70  419       3       java.util.concurrent.locks.ReentrantLock::lock (8 bytes)
Event: 0.210 Thread 0x000001d3d3138f70 nmethod 419 0x000001d3db763210 code [0x000001d3db7633e0, 0x000001d3db763698]
Event: 0.210 Thread 0x000001d3d3138f70  420       3       java.util.concurrent.locks.ReentrantLock$Sync::lock (13 bytes)
Event: 0.210 Thread 0x000001d3d3138f70 nmethod 420 0x000001d3db763790 code [0x000001d3db763940, 0x000001d3db763b78]
Event: 0.210 Thread 0x000001d3d3138f70  421       3       java.util.concurrent.locks.AbstractQueuedSynchronizer::release (19 bytes)
Event: 0.210 Thread 0x000001d3d3138f70 nmethod 421 0x000001d3db763c10 code [0x000001d3db763e20, 0x000001d3db764458]
Event: 0.211 Thread 0x000001d3d3138f70  422       3       java.lang.String::codePointAt (50 bytes)
Event: 0.211 Thread 0x000001d3d3138f70 nmethod 422 0x000001d3db764690 code [0x000001d3db764880, 0x000001d3db764ce8]
Event: 0.211 Thread 0x000001d3d3138f70  423       3       java.util.regex.Pattern::peek (26 bytes)
Event: 0.212 Thread 0x000001d3d3138f70 nmethod 423 0x000001d3db764f10 code [0x000001d3db7650c0, 0x000001d3db765328]
Event: 0.212 Thread 0x000001d3d3138f70  424       3       java.util.regex.Pattern::next (33 bytes)
Event: 0.212 Thread 0x000001d3d3138f70 nmethod 424 0x000001d3db765490 code [0x000001d3db765640, 0x000001d3db7658a8]
Event: 0.212 Thread 0x000001d3d3138f70  425       1       java.lang.invoke.MethodTypeForm::basicType (5 bytes)
Event: 0.212 Thread 0x000001d3d3138f70 nmethod 425 0x000001d3e31d1a10 code [0x000001d3e31d1ba0, 0x000001d3e31d1c58]
Event: 0.214 Thread 0x000001d3d312d040  426       4       java.lang.StringLatin1::toUpperCase (186 bytes)
Event: 0.215 Thread 0x000001d3d3138f70  428       3       jdk.internal.org.objectweb.asm.Frame::execute (2305 bytes)

GC Heap History (0 events):
No events

Dll operation events (11 events):
Event: 0.019 Loaded shared library C:\Users\pavlovvy\.jdks\openjdk-19.0.1\bin\java.dll
Event: 0.032 Loaded shared library C:\Users\pavlovvy\.jdks\openjdk-19.0.1\bin\jsvml.dll
Event: 0.088 Loaded shared library C:\Users\pavlovvy\.jdks\openjdk-19.0.1\bin\zip.dll
Event: 0.091 Loaded shared library C:\Users\pavlovvy\.jdks\openjdk-19.0.1\bin\instrument.dll
Event: 0.098 Loaded shared library C:\Users\pavlovvy\.jdks\openjdk-19.0.1\bin\net.dll
Event: 0.101 Loaded shared library C:\Users\pavlovvy\.jdks\openjdk-19.0.1\bin\nio.dll
Event: 0.105 Loaded shared library C:\Users\pavlovvy\.jdks\openjdk-19.0.1\bin\zip.dll
Event: 0.117 Loaded shared library C:\Users\pavlovvy\AppData\Local\JetBrains\IntelliJ IDEA Community Edition 2022.2.3\bin\breakgen64.dll
Event: 0.126 Loaded shared library C:\Users\pavlovvy\.jdks\openjdk-19.0.1\bin\extnet.dll
Event: 0.130 Loaded shared library C:\Users\pavlovvy\.jdks\openjdk-19.0.1\bin\jimage.dll
Event: 0.180 Loaded shared library C:\Users\pavlovvy\.jdks\openjdk-19.0.1\bin\sunmscapi.dll

Deoptimization events (4 events):
Event: 0.167 Thread 0x000001d3d380f6b0 Uncommon trap: trap_request=0xffffff45 fr.pc=0x000001d3e31bda14 relative=0x0000000000000a74
Event: 0.167 Thread 0x000001d3d380f6b0 Uncommon trap: reason=unstable_if action=reinterpret pc=0x000001d3e31bda14 method=java.util.HashMap.putVal(ILjava/lang/Object;Ljava/lang/Object;ZZ)Ljava/lang/Object; @ 181 c2
Event: 0.167 Thread 0x000001d3d380f6b0 DEOPT PACKING pc=0x000001d3e31bda14 sp=0x0000003adbefe7b0
Event: 0.167 Thread 0x000001d3d380f6b0 DEOPT UNPACKING pc=0x000001d3e2c7a5a3 sp=0x0000003adbefe770 mode 2

Classes loaded (20 events):
Event: 0.214 Loading class sun/security/ssl/SSLCipher$T11BlockReadCipherGenerator
Event: 0.214 Loading class sun/security/ssl/SSLCipher$T11BlockReadCipherGenerator done
Event: 0.214 Loading class sun/security/ssl/SSLCipher$T11BlockWriteCipherGenerator
Event: 0.214 Loading class sun/security/ssl/SSLCipher$T11BlockWriteCipherGenerator done
Event: 0.214 Loading class javax/crypto/JceSecurityManager
Event: 0.214 Loading class javax/crypto/JceSecurityManager done
Event: 0.216 Loading class java/lang/StackWalker$Option
Event: 0.216 Loading class java/lang/StackWalker$Option done
Event: 0.217 Loading class com/sun/crypto/provider/DESedeCipher
Event: 0.217 Loading class com/sun/crypto/provider/DESedeCipher done
Event: 0.217 Loading class com/sun/crypto/provider/DESedeCrypt
Event: 0.217 Loading class com/sun/crypto/provider/DESedeCrypt done
Event: 0.218 Loading class com/sun/crypto/provider/AESCipher$General
Event: 0.218 Loading class com/sun/crypto/provider/AESCipher
Event: 0.218 Loading class com/sun/crypto/provider/AESCipher done
Event: 0.218 Loading class com/sun/crypto/provider/AESCipher$General done
Event: 0.218 Loading class com/sun/crypto/provider/AESCrypt
Event: 0.218 Loading class com/sun/crypto/provider/AESConstants
Event: 0.218 Loading class com/sun/crypto/provider/AESConstants done
Event: 0.218 Loading class com/sun/crypto/provider/AESCrypt done

Classes unloaded (0 events):
No events

Classes redefined (0 events):
No events

Internal exceptions (5 events):
Event: 0.109 Thread 0x000001d3d380f6b0 Exception <a 'java/lang/NoSuchMethodError'{0x0000000090f40510}: 'void java.lang.invoke.DirectMethodHandle$Holder.invokeStatic(java.lang.Object, java.lang.Object, java.lang.Object)'> (0x0000000090f40510) 
thrown [s\open\src\hotspot\share\interpreter\linkResolver.cpp, line 774]
Event: 0.113 Thread 0x000001d3d380f6b0 Exception <a 'java/lang/NoSuchMethodError'{0x0000000090f58b08}: 'java.lang.Object java.lang.invoke.Invokers$Holder.invokeExact_MT(java.lang.Object, java.lang.Object, java.lang.Object, java.lang.Object, java.lang.Object)'> (0x0000000090f58b08) 
thrown [s\open\src\hotspot\share\interpreter\linkResolver.cpp, line 774]
Event: 0.128 Thread 0x000001d3f1dd08c0 Exception <a 'java/lang/NoSuchMethodError'{0x0000000090f7dd90}: 'void java.lang.invoke.DirectMethodHandle$Holder.invokeStatic(java.lang.Object, java.lang.Object)'> (0x0000000090f7dd90) 
thrown [s\open\src\hotspot\share\interpreter\linkResolver.cpp, line 774]
Event: 0.202 Thread 0x000001d3d380f6b0 Exception <a 'sun/nio/fs/WindowsException'{0x0000000090c27aa8}> (0x0000000090c27aa8) 
thrown [s\open\src\hotspot\share\prims\jni.cpp, line 517]
Event: 0.215 Thread 0x000001d3d380f6b0 Exception <a 'java/lang/NoSuchMethodError'{0x0000000090c47228}: 'java.lang.Object java.lang.invoke.DirectMethodHandle$Holder.invokeStaticInit(java.lang.Object)'> (0x0000000090c47228) 
thrown [s\open\src\hotspot\share\interpreter\linkResolver.cpp, line 774]

VM Operations (4 events):
Event: 0.077 Executing VM operation: HandshakeAllThreads
Event: 0.077 Executing VM operation: HandshakeAllThreads done
Event: 0.120 Executing VM operation: HandshakeAllThreads
Event: 0.120 Executing VM operation: HandshakeAllThreads done

Events (13 events):
Event: 0.032 Thread 0x000001d3d380f6b0 Thread added: 0x000001d3d380f6b0
Event: 0.049 Thread 0x000001d3d3117cf0 Thread added: 0x000001d3d3117cf0
Event: 0.051 Thread 0x000001d3d311b180 Thread added: 0x000001d3d311b180
Event: 0.051 Thread 0x000001d3d311eec0 Thread added: 0x000001d3d311eec0
Event: 0.052 Thread 0x000001d3d311f8e0 Thread added: 0x000001d3d311f8e0
Event: 0.052 Thread 0x000001d3d3124bf0 Thread added: 0x000001d3d3124bf0
Event: 0.052 Thread 0x000001d3d3125ef0 Thread added: 0x000001d3d3125ef0
Event: 0.052 Thread 0x000001d3d312d040 Thread added: 0x000001d3d312d040
Event: 0.052 Thread 0x000001d3d3138f70 Thread added: 0x000001d3d3138f70
Event: 0.052 Thread 0x000001d3d31430c0 Thread added: 0x000001d3d31430c0
Event: 0.071 Thread 0x000001d3d30ec920 Thread added: 0x000001d3d30ec920
Event: 0.118 Thread 0x000001d3f1dd08c0 Thread added: 0x000001d3f1dd08c0
Event: 0.118 Thread 0x000001d3f1dd0e00 Thread added: 0x000001d3f1dd0e00


Dynamic libraries:
0x00007ff6e9c40000 - 0x00007ff6e9c4e000 	C:\Users\pavlovvy\.jdks\openjdk-19.0.1\bin\java.exe
0x00007ffc738f0000 - 0x00007ffc73ae8000 	C:\Windows\SYSTEM32\ntdll.dll
0x00007ffc72f00000 - 0x00007ffc72fbf000 	C:\Windows\System32\KERNEL32.DLL
0x00007ffc71210000 - 0x00007ffc714e2000 	C:\Windows\System32\KERNELBASE.dll
0x00007ffc71590000 - 0x00007ffc71690000 	C:\Windows\System32\ucrtbase.dll
0x00007ffc65420000 - 0x00007ffc6543b000 	C:\Users\pavlovvy\.jdks\openjdk-19.0.1\bin\VCRUNTIME140.dll
0x00007ffc653c0000 - 0x00007ffc653d7000 	C:\Users\pavlovvy\.jdks\openjdk-19.0.1\bin\jli.dll
0x00007ffc73070000 - 0x00007ffc7320d000 	C:\Windows\System32\USER32.dll
0x00007ffc70ff0000 - 0x00007ffc71012000 	C:\Windows\System32\win32u.dll
0x00007ffc72dd0000 - 0x00007ffc72dfb000 	C:\Windows\System32\GDI32.dll
0x00007ffc71100000 - 0x00007ffc7120f000 	C:\Windows\System32\gdi32full.dll
0x00007ffc71690000 - 0x00007ffc7172d000 	C:\Windows\System32\msvcp_win.dll
0x00007ffc5a5c0000 - 0x00007ffc5a85a000 	C:\Windows\WinSxS\amd64_microsoft.windows.common-controls_6595b64144ccf1df_6.0.19041.1110_none_60b5254171f9507e\COMCTL32.dll
0x00007ffc72e00000 - 0x00007ffc72e9e000 	C:\Windows\System32\msvcrt.dll
0x00007ffc73870000 - 0x00007ffc738a2000 	C:\Windows\System32\IMM32.DLL
0x00007ffc675c0000 - 0x00007ffc6772b000 	C:\Windows\system32\tmumh\20019\AddOn\8.55.0.1129\TmUmEvt64.dll
0x00007ffc72cd0000 - 0x00007ffc72cd8000 	C:\Windows\System32\PSAPI.DLL
0x00007ffc737c0000 - 0x00007ffc7386e000 	C:\Windows\System32\ADVAPI32.dll
0x00007ffc72fc0000 - 0x00007ffc7305c000 	C:\Windows\System32\sechost.dll
0x00007ffc73690000 - 0x00007ffc737b5000 	C:\Windows\System32\RPCRT4.dll
0x0000000061290000 - 0x0000000061403000 	C:\Windows\system32\tmumh\20019\TmMon\2.9.0.1043\tmmon64.dll
0x00007ffc66310000 - 0x00007ffc6631c000 	C:\Users\pavlovvy\.jdks\openjdk-19.0.1\bin\vcruntime140_1.dll
0x00007ffc4a900000 - 0x00007ffc4a98e000 	C:\Users\pavlovvy\.jdks\openjdk-19.0.1\bin\msvcp140.dll
0x00007ffc17a20000 - 0x00007ffc186e0000 	C:\Users\pavlovvy\.jdks\openjdk-19.0.1\bin\server\jvm.dll
0x00007ffc52000000 - 0x00007ffc52009000 	C:\Windows\SYSTEM32\WSOCK32.dll
0x00007ffc73210000 - 0x00007ffc7327b000 	C:\Windows\System32\WS2_32.dll
0x00007ffc59cb0000 - 0x00007ffc59cd7000 	C:\Windows\SYSTEM32\WINMM.dll
0x00007ffc5e390000 - 0x00007ffc5e39a000 	C:\Windows\SYSTEM32\VERSION.dll
0x000001d3d2c00000 - 0x000001d3d2c03000 	C:\Windows\system32\Sfc.dll
0x00007ffc4a7d0000 - 0x00007ffc4a7e2000 	C:\Windows\SYSTEM32\sfc_os.DLL
0x00007ffc72240000 - 0x00007ffc726a8000 	C:\Windows\System32\SETUPAPI.dll
0x00007ffc710b0000 - 0x00007ffc710fe000 	C:\Windows\System32\cfgmgr32.dll
0x00007ffc714f0000 - 0x00007ffc71517000 	C:\Windows\System32\bcrypt.dll
0x00007ffc6f850000 - 0x00007ffc6f862000 	C:\Windows\SYSTEM32\kernel.appcore.dll
0x00007ffc662d0000 - 0x00007ffc662da000 	C:\Users\pavlovvy\.jdks\openjdk-19.0.1\bin\jimage.dll
0x00007ffc6eac0000 - 0x00007ffc6eca4000 	C:\Windows\SYSTEM32\DBGHELP.DLL
0x00007ffc56610000 - 0x00007ffc5663c000 	C:\Windows\SYSTEM32\dbgcore.DLL
0x00007ffc71020000 - 0x00007ffc710a2000 	C:\Windows\System32\bcryptPrimitives.dll
0x00007ffc67750000 - 0x00007ffc6775e000 	C:\Users\pavlovvy\.jdks\openjdk-19.0.1\bin\instrument.dll
0x00007ffc60ed0000 - 0x00007ffc60ef6000 	C:\Users\pavlovvy\.jdks\openjdk-19.0.1\bin\java.dll
0x00007ffc3cf10000 - 0x00007ffc3cfe7000 	C:\Users\pavlovvy\.jdks\openjdk-19.0.1\bin\jsvml.dll
0x00007ffc719c0000 - 0x00007ffc72103000 	C:\Windows\System32\SHELL32.dll
0x00007ffc6eef0000 - 0x00007ffc6f682000 	C:\Windows\SYSTEM32\windows.storage.dll
0x00007ffc72710000 - 0x00007ffc72a64000 	C:\Windows\System32\combase.dll
0x00007ffc70a50000 - 0x00007ffc70a80000 	C:\Windows\SYSTEM32\Wldp.dll
0x00007ffc734c0000 - 0x00007ffc7356d000 	C:\Windows\System32\SHCORE.dll
0x00007ffc726b0000 - 0x00007ffc72705000 	C:\Windows\System32\shlwapi.dll
0x00007ffc70f30000 - 0x00007ffc70f4f000 	C:\Windows\SYSTEM32\profapi.dll
0x00007ffc5a8e0000 - 0x00007ffc5a8f8000 	C:\Users\pavlovvy\.jdks\openjdk-19.0.1\bin\zip.dll
0x00007ffc60e20000 - 0x00007ffc60e33000 	C:\Users\pavlovvy\.jdks\openjdk-19.0.1\bin\net.dll
0x00007ffc6ffe0000 - 0x00007ffc700ec000 	C:\Windows\SYSTEM32\WINHTTP.dll
0x00007ffc707b0000 - 0x00007ffc7081a000 	C:\Windows\system32\mswsock.dll
0x00007ffc5e4d0000 - 0x00007ffc5e4e6000 	C:\Users\pavlovvy\.jdks\openjdk-19.0.1\bin\nio.dll
0x00007ffc57d60000 - 0x00007ffc57d7a000 	C:\Users\pavlovvy\AppData\Local\JetBrains\IntelliJ IDEA Community Edition 2022.2.3\bin\breakgen64.dll
0x00007ffc65400000 - 0x00007ffc65408000 	C:\Users\pavlovvy\.jdks\openjdk-19.0.1\bin\extnet.dll
0x000001d3d3730000 - 0x000001d3d373e000 	C:\Users\pavlovvy\.jdks\openjdk-19.0.1\bin\sunmscapi.dll
0x00007ffc71730000 - 0x00007ffc71886000 	C:\Windows\System32\CRYPT32.dll
0x00007ffc70ac0000 - 0x00007ffc70ae7000 	C:\Windows\SYSTEM32\ncrypt.dll
0x00007ffc70a80000 - 0x00007ffc70abb000 	C:\Windows\SYSTEM32\NTASN1.dll

dbghelp: loaded successfully - version: 4.0.5 - missing functions: none
symbol engine: initialized successfully - sym options: 0x614 - pdb path: .;C:\Users\pavlovvy\.jdks\openjdk-19.0.1\bin;C:\Windows\SYSTEM32;C:\Windows\WinSxS\amd64_microsoft.windows.common-controls_6595b64144ccf1df_6.0.19041.1110_none_60b5254171f9507e;C:\Windows\system32\tmumh\20019\AddOn\8.55.0.1129;C:\Windows\system32\tmumh\20019\TmMon\2.9.0.1043;C:\Users\pavlovvy\.jdks\openjdk-19.0.1\bin\server;C:\Users\pavlovvy\AppData\Local\JetBrains\IntelliJ IDEA Community Edition 2022.2.3\bin

VM Arguments:
jvm_args: -javaagent:C:\Users\pavlovvy\AppData\Local\JetBrains\IntelliJ IDEA Community Edition 2022.2.3\lib\idea_rt.jar=50620:C:\Users\pavlovvy\AppData\Local\JetBrains\IntelliJ IDEA Community Edition 2022.2.3\bin -Dfile.encoding=UTF-8 -Dsun.stdout.encoding=UTF-8 -Dsun.stderr.encoding=UTF-8 
java_command: org.example.Main
java_class_path (initial): C:\work\Programming\lesson_11_2022_11_21\VP_dz23.11.2022\target\classes;C:\Users\pavlovvy\.m2\repository\org\jsoup\jsoup\1.15.3\jsoup-1.15.3.jar
Launcher Type: SUN_STANDARD

[Global flags]
     intx CICompilerCount                          = 4                                         {product} {ergonomic}
     uint ConcGCThreads                            = 2                                         {product} {ergonomic}
     uint G1ConcRefinementThreads                  = 8                                         {product} {ergonomic}
   size_t G1HeapRegionSize                         = 1048576                                   {product} {ergonomic}
    uintx GCDrainStackTargetSize                   = 64                                        {product} {ergonomic}
   size_t InitialHeapSize                          = 125829120                                 {product} {ergonomic}
   size_t MarkStackSize                            = 4194304                                   {product} {ergonomic}
   size_t MaxHeapSize                              = 1986002944                                {product} {ergonomic}
   size_t MaxNewSize                               = 1191182336                                {product} {ergonomic}
   size_t MinHeapDeltaBytes                        = 1048576                                   {product} {ergonomic}
   size_t MinHeapSize                              = 8388608                                   {product} {ergonomic}
    uintx NonNMethodCodeHeapSize                   = 5839372                                {pd product} {ergonomic}
    uintx NonProfiledCodeHeapSize                  = 122909434                              {pd product} {ergonomic}
    uintx ProfiledCodeHeapSize                     = 122909434                              {pd product} {ergonomic}
    uintx ReservedCodeCacheSize                    = 251658240                              {pd product} {ergonomic}
     bool SegmentedCodeCache                       = true                                      {product} {ergonomic}
   size_t SoftMaxHeapSize                          = 1986002944                             {manageable} {ergonomic}
     bool UseCompressedClassPointers               = true                           {product lp64_product} {ergonomic}
     bool UseCompressedOops                        = true                           {product lp64_product} {ergonomic}
     bool UseG1GC                                  = true                                      {product} {ergonomic}
     bool UseLargePagesIndividualAllocation        = false                                  {pd product} {ergonomic}

Logging:
Log output configuration:
 #0: stdout all=warning uptime,level,tags foldmultilines=false
 #1: stderr all=off uptime,level,tags foldmultilines=false

Environment Variables:
PATH=C:\Windows\system32;C:\Windows;C:\Windows\System32\Wbem;C:\Windows\System32\WindowsPowerShell\v1.0\;C:\Windows\System32\OpenSSH\;C:\Users\pavlovvy\AppData\Local\Microsoft\WindowsApps;C:\Users\pavlovvy\AppData\Local\JetBrains\IntelliJ IDEA Community Edition 2022.2.3\bin;;C:\Users\pavlovvy\AppData\Local\GitHubDesktop\bin;C:\Users\pavlovvy\AppData\Local\Programs\Git\cmd
USERNAME=pavlovvy
OS=Windows_NT
PROCESSOR_IDENTIFIER=Intel64 Family 6 Model 140 Stepping 1, GenuineIntel
TMP=C:\Users\pavlovvy\AppData\Local\Temp
TEMP=C:\Users\pavlovvy\AppData\Local\Temp



---------------  S Y S T E M  ---------------

OS:
 Windows 10 , 64 bit Build 19041 (10.0.19041.2251)
OS uptime: 2 days 0:22 hours

CPU: total 8 (initial active 8) (4 cores per cpu, 2 threads per core) family 6 model 140 stepping 1 microcode 0x86, cx8, cmov, fxsr, ht, mmx, 3dnowpref, sse, sse2, sse3, ssse3, sse4.1, sse4.2, popcnt, lzcnt, tsc, tscinvbit, avx, avx2, aes, erms, clmul, bmi1, bmi2, adx, avx512f, avx512dq, avx512cd, avx512bw, avx512vl, sha, fma, vzeroupper, avx512_vpopcntdq, avx512_vpclmulqdq, avx512_vaes, avx512_vnni, clflush, clflushopt, clwb, avx512_vbmi2, avx512_vbmi, rdtscp, rdpid, fsrm, gfni, avx512_bitalg

Memory: 4k page, system-wide physical 7569M (638M free)
TotalPageFile size 15761M (AvailPageFile size 243M)
current process WorkingSet (physical memory assigned to process): 49M, peak: 49M
current process commit charge ("private bytes"): 211M, peak: 211M

vm_info: OpenJDK 64-Bit Server VM (19.0.1+10-21) for windows-amd64 JRE (19.0.1+10-21), built on 2022-09-14T12:45:06Z by "mach5one" with MS VC++ 17.1 (VS2022)

END.
